[2025-10-30T07:29:25.362Z] 🗑️ Termin gelöscht: ffd4fea6-6072-4ab1-8604-249c86457195
[2025-10-30T07:29:27.252Z] 🗑️ Termin gelöscht: f50a8e2d-7cc6-4764-b368-f9127463e8c4
[2025-11-03T15:00:31.311Z] 🗑️ Termin gelöscht: 33ee90c0-beea-4922-9ee0-90b158d1dc12
[2025-11-03T15:00:32.822Z] 🗑️ Termin gelöscht: b20576c7-b1cd-4e7f-83ca-398c085dbc5e
[2025-11-03T17:56:48.862Z] 🗑️ Termin gelöscht: b62d0592-130d-40d7-9afd-422cefb4bc3c
[2025-11-03T17:56:50.705Z] 🗑️ Termin gelöscht: c27f6d0f-def7-46b0-94cc-a23e1ebb42d4
[2025-11-03T17:56:52.274Z] 🗑️ Termin gelöscht: 597fe7a4-7144-4760-b85a-70be613b53c8
[2025-11-03T17:56:53.820Z] 🗑️ Termin gelöscht: 7c052147-725e-46c9-bf69-4e378960beb4
[2025-11-03T17:56:55.230Z] 🗑️ Termin gelöscht: cf9bb65f-bccd-4ba4-a34c-18f56e0d652e
[2025-11-03T17:56:56.653Z] 🗑️ Termin gelöscht: 3b93c401-dec8-4842-ae6f-f0f154ceacea
[2025-11-03T18:46:18.613Z] 🗑️ Termin gelöscht: b0d4c6cc-feaf-447a-8fce-754a488adbb7
[2025-11-03T18:56:28.336Z] 🗑️ Termin gelöscht: c43c69bb-e7cb-4a1e-8344-ebea675c61f4
[2025-11-03T18:56:29.926Z] 🗑️ Termin gelöscht: 0b83065e-7788-47ed-8214-3b195504f5f0
[2025-11-03T19:19:43.388Z] 🗑️ Termin gelöscht: 1cec677e-7627-42e8-95a1-bc951566ec0c
[2025-11-03T19:30:11.504Z] 🗑️ Termin gelöscht: bafc313a-9621-4aab-b892-2bb0a235fb0d
[2025-11-03T19:32:18.874Z] 📆 Termin verschoben: b1cb962a-9c68-4d75-9b79-8e3455dab4e8 → 2025-12-12T11:00:00.000Z
[2025-11-03T19:48:42.108Z] 🗑️ Termin gelöscht: 7cb2e3de-6db3-4a1b-a43f-7034205f02bd
[2025-11-03T19:48:43.709Z] 🗑️ Termin gelöscht: d19c3d7d-d612-4fcd-a13b-8a6159e6ffc3
[2025-11-03T19:48:45.096Z] 🗑️ Termin gelöscht: b1cb962a-9c68-4d75-9b79-8e3455dab4e8
[2025-11-03T19:48:46.463Z] 🗑️ Termin gelöscht: 3ea23af6-4903-4f12-ba2b-ae6ea1fc1d98
[2025-11-03T20:22:16.043Z] 🗑️ Termin gelöscht: ff282ed9-510d-4874-96b9-69d4981266db
[2025-11-03T20:36:36.455Z] 🗑️ Termin gelöscht: 63939715-66a5-4697-af4a-ab5e1772532c
[2025-11-03T20:36:38.075Z] 🗑️ Termin gelöscht: fbdd275a-0187-4864-8234-21f148c849fd
[2025-11-03T20:36:39.530Z] 🗑️ Termin gelöscht: 8d5db46f-ea12-4f49-9f48-77cdf37aece6
[2025-11-03T20:36:41.087Z] 🗑️ Termin gelöscht: 53830e78-35bd-4f08-a638-5de62cf452d5
[2025-11-03T20:36:42.623Z] 🗑️ Termin gelöscht: d2dcfd8e-65bf-4cd3-9abc-cc400eb2e37f
[2025-11-03T20:39:00.727Z] 🗑️ Termin gelöscht: 1b2794cd-fee9-4b27-9079-99e33f8c1648
[2025-11-03T20:39:02.782Z] 🗑️ Termin gelöscht: 63ba2c3c-8b0f-45cd-b657-d588c731a7d4
[2025-11-03T20:39:04.370Z] 🗑️ Termin gelöscht: 51a8b407-1a22-40e9-9f44-475045019e52
[2025-11-03T20:39:06.072Z] 🗑️ Termin gelöscht: 882d5c87-95a3-4730-b448-3f25203ef057
[2025-11-04T16:51:16.705Z] 🗑️ Termin gelöscht: 4d4897a8-6662-4319-9287-63e011da699c
[2025-11-04T16:52:05.528Z] 🗑️ Termin gelöscht: 3dff42ca-e3d2-4d18-9a92-2b606f19cf70
[2025-11-04T16:52:07.054Z] 🗑️ Termin gelöscht: 8176ed74-3d8c-4623-87fb-b3117407ccad
[2025-11-04T16:52:08.806Z] 🗑️ Termin gelöscht: 30cebc48-b93b-42fc-9232-bc935cc5ed10
[2025-11-04T16:52:10.475Z] 🗑️ Termin gelöscht: cbdef0bf-7409-4b2e-9a9d-08141c179b72
[2025-11-04T16:52:11.953Z] 🗑️ Termin gelöscht: 67a5e634-9d53-452a-a601-7a5c6df0f106
[2025-11-04T16:52:13.324Z] 🗑️ Termin gelöscht: 87923901-147f-42d2-bdbc-72800dbe0d5b
[2025-11-04T16:52:14.637Z] 🗑️ Termin gelöscht: aaad00a6-be63-4103-8da2-484daec1bf4e
[2025-11-04T16:52:16.174Z] 🗑️ Termin gelöscht: 87012043-6a73-45cd-9552-ce1fe64abc38
[2025-11-04T17:03:00.552Z] 🗑️ Termin gelöscht: 222322f5-3b5c-42fc-a5e8-e59c960e4451
[2025-11-04T17:28:26.521Z] 🗑️ Termin gelöscht: 1f1a8ea3-a25f-46c5-8f29-05fd3532cce0
[2025-11-04T17:31:16.335Z] 🗑️ Termin gelöscht: e4554f3d-bfef-4e2c-b554-22058feee848
[2025-11-05T14:13:01.519Z] 🗑️ Termin gelöscht: dac3516d-226f-4baf-98e3-90444ab18491
[2025-11-06T13:25:19.770Z] 🗑️ Termin gelöscht: 5ec9f780-b50c-4f60-8bf1-54eb7314dcae
[2025-11-06T16:19:19.473Z] 🗑️ Termin gelöscht: 3e3777c8-e3ee-474b-9afd-ec91c6c638a5
[2025-11-08T10:35:10.617Z] 🗑️ Termin gelöscht: 6ce35a82-044a-41eb-9a55-904b6b26a2ab
[2025-11-08T10:35:12.991Z] 🗑️ Termin gelöscht: 7cea93ba-5bff-4f5b-8640-a6739092248c
[2025-11-08T10:36:26.087Z] 🗑️ Termin gelöscht: c762dc1c-ac5a-490e-86dd-065dd0f0ce4d
[2025-11-08T11:30:06.539Z] 🗑️ Termin gelöscht: 3c956882-d640-49ea-ad7a-2e31d7005595
[2025-11-08T11:49:24.129Z] 🗑️ Termin gelöscht: a263cb42-ba0e-44b7-96b2-d31b6d1e1736
[2025-11-08T11:49:44.649Z] 📆 Termin verschoben: cc263f45-d90b-4d91-8d0e-28bc1ff497e3 → 2025-11-08T11:49:44.647Z
[2025-11-08T11:50:14.811Z] 📆 Termin verschoben: cc263f45-d90b-4d91-8d0e-28bc1ff497e3 → 2025-12-12T14:00:00.000Z
[2025-11-09T09:30:41.059Z] 🗑️ Termin gelöscht: cc263f45-d90b-4d91-8d0e-28bc1ff497e3
[2025-11-09T10:49:52.651Z] 🗑️ Termin gelöscht: 6d66e684-3797-4dc9-9fc2-89946da469cf
[2025-11-09T11:28:51.080Z] 🗑️ Termin gelöscht: b187616d-3bca-4d30-8673-6826df3869d0
[2025-11-09T12:57:10.991Z] 🗑️ Termin gelöscht: 3ad2e238-f839-4365-a4d2-6abfb926f434
[2025-11-09T13:25:46.239Z] 🗑️ Termin gelöscht: ea712bff-ee52-4eb0-9123-114f1bd682ad
[2025-11-09T13:29:49.385Z] 📆 Termin verschoben: 2d731313-d2f9-40f4-8bd1-ff06b6f76198 → 2009-12-12T11:12:00.000Z
[2025-11-09T13:29:54.622Z] 🗑️ Termin gelöscht: 2d731313-d2f9-40f4-8bd1-ff06b6f76198
[2025-11-09T13:48:35.436Z] 🗑️ Termin gelöscht: decf5e0a-9718-44ba-831e-686aec580258
[2025-11-09T14:07:34.265Z] 🗑️ Termin gelöscht: 9b4ecbc7-1320-4b0f-9b47-bcc041945391
[2025-11-09T14:26:07.933Z] 🗑️ Termin gelöscht: ef20af00-3e17-4dea-9aea-57182cfefb0a
[2025-11-09T14:26:09.394Z] 🗑️ Termin gelöscht: ba8c39b3-25bf-4511-bf3c-e3f62b264261
[2025-11-09T14:50:05.068Z] 🗑️ Termin gelöscht: b6cc0846-0ab6-40a2-9082-ab88342e8f5a
[2025-11-09T15:00:39.188Z] 🗑️ Termin gelöscht: 3c346de3-606e-40e9-8f01-5a9c03cf0992
[2025-11-09T15:00:42.580Z] 🗑️ Termin gelöscht: 51cfdfbf-68c4-4645-908d-fb7d7c992d2b
[2025-11-10T10:53:23.745Z] 📆 Termin verschoben: 6114d7d8-eacb-43b7-b21c-bf0ffeecf32f → 2000-12-12T11:00:00.000Z
[2025-11-10T10:53:54.149Z] 📝 To-Do angelegt: ergwrg (51f08010-1e6a-4f46-a1e9-8efe73c71c2a)
[2025-11-10T10:54:04.977Z] ✅ To-Do erledigt: 51f08010-1e6a-4f46-a1e9-8efe73c71c2a
[2025-11-10T10:54:05.383Z] ✅ To-Do reaktiviert: 51f08010-1e6a-4f46-a1e9-8efe73c71c2a
[2025-11-10T10:54:07.872Z] 🗑️ To-Do gelöscht: 51f08010-1e6a-4f46-a1e9-8efe73c71c2a
[2025-11-10T11:24:12.699Z] 📝 To-Do angelegt: t4g4hg4 (f23d4dad-936e-42ed-a260-56776d22db91)
[2025-11-10T11:24:14.985Z] 🗑️ To-Do gelöscht: f23d4dad-936e-42ed-a260-56776d22db91
[2025-11-10T11:24:31.283Z] 🗑️ Termin gelöscht: a0a74d9c-3dfa-4833-8e3a-57dc64473093
[2025-11-10T12:16:23.621Z] 📝 To-Do angelegt: fdbdf (92717cff-13ab-45ad-9d30-8d0883011fec)
[2025-11-10T12:16:26.541Z] 🗑️ To-Do gelöscht: 92717cff-13ab-45ad-9d30-8d0883011fec
[2025-11-10T13:09:19.415Z] 🗑️ Termin gelöscht: f45e65d1-0787-4798-a8d4-62859c785020
[2025-11-10T13:09:37.215Z] 📝 To-Do angelegt: rwgweg (f728a5ea-f7d9-4b55-a4a1-d7d09842f02c)
[2025-11-10T13:09:39.512Z] 🗑️ To-Do gelöscht: f728a5ea-f7d9-4b55-a4a1-d7d09842f02c
[2025-11-10T13:26:13.560Z] 🗑️ Termin gelöscht: bb95065a-181d-4492-bb90-7723943ac2ca
[2025-11-10T13:38:36.722Z] 📝 To-Do angelegt: 53tt4t34 (16e87c76-b9bd-471e-8083-a0635f4b42c4)
[2025-11-10T13:45:52.304Z] 🗑️ To-Do gelöscht: 16e87c76-b9bd-471e-8083-a0635f4b42c4
[2025-11-10T13:45:58.133Z] 🗑️ Termin gelöscht: 7ee6ac51-425e-449b-98e8-2d5f8fb728ce
[2025-11-10T13:45:59.923Z] 🗑️ Termin gelöscht: ebed2046-bacc-497b-bdc3-7e3e718ef394
[2025-11-10T13:46:16.618Z] 📆 Termin verschoben: ed3417e3-b45c-4ab0-bcf8-df40db5b15be → 2025-11-10T13:46:16.565Z
[2025-11-10T13:46:32.059Z] 📆 Termin verschoben: ed3417e3-b45c-4ab0-bcf8-df40db5b15be → 2000-12-12T14:00:00.000Z
[2025-11-10T14:03:49.875Z] 🗑️ Termin gelöscht: e545764b-7573-4742-be28-1b5de9bafaa2
[2025-11-10T14:03:51.476Z] 🗑️ Termin gelöscht: f751a34c-4f92-4e76-a965-d9f8bca41cfd
[2025-11-10T14:03:53.304Z] 🗑️ Termin gelöscht: 7aa18cd1-fdb3-4ad6-82d4-41d29e9d60c7
[2025-11-10T14:04:11.863Z] 📝 To-Do angelegt: rzh35h3 (950b301e-1b8f-4131-a074-390bcc385f15)
[2025-11-10T14:04:13.991Z] 🗑️ To-Do gelöscht: 950b301e-1b8f-4131-a074-390bcc385f15
[2025-11-13T09:18:15.807Z] 📝 To-Do angelegt: tehq3tht (1ccb3fa2-2e8b-43ff-99d5-d69451ed0ed6)
[2025-11-13T09:18:17.427Z] ✅ To-Do erledigt: 1ccb3fa2-2e8b-43ff-99d5-d69451ed0ed6
[2025-11-13T09:18:17.877Z] ✅ To-Do reaktiviert: 1ccb3fa2-2e8b-43ff-99d5-d69451ed0ed6
[2025-11-13T09:18:22.909Z] 🗑️ To-Do gelöscht: 1ccb3fa2-2e8b-43ff-99d5-d69451ed0ed6
[2025-11-13T09:18:43.403Z] 🗑️ Termin gelöscht: 567d33d0-e699-46c2-b3ff-218199844f26
[2025-11-13T09:18:45.355Z] 🗑️ Termin gelöscht: 9dad339a-2382-40f2-8399-8770882f6646
[2025-11-13T09:18:57.424Z] 📝 To-Do angelegt: 1111 (66674a23-afb5-4967-972f-a0810388bb3f)
[2025-11-13T09:18:59.738Z] 🗑️ To-Do gelöscht: 66674a23-afb5-4967-972f-a0810388bb3f
[2025-11-13T09:19:20.517Z] 📝 To-Do angelegt: edddd (7b7c4d81-5f00-4b0b-a8d4-cb8194e7ff87)
[2025-11-13T09:19:22.122Z] ✅ To-Do erledigt: 7b7c4d81-5f00-4b0b-a8d4-cb8194e7ff87
[2025-11-13T09:19:38.453Z] ✅ To-Do reaktiviert: 7b7c4d81-5f00-4b0b-a8d4-cb8194e7ff87
[2025-11-13T09:19:40.830Z] 🗑️ To-Do gelöscht: 7b7c4d81-5f00-4b0b-a8d4-cb8194e7ff87
[2025-11-13T09:57:14.477Z] 📤 Mail gesendet an mmazur871@gmail.com: <c39a3d7e-d9c6-8c34-cb1a-6835653de657@gmail.com>
[2025-11-13T10:47:24.954Z] 📝 To-Do angelegt: rghwrbhr (760ad324-414c-4e47-9a08-1bc583a0be39)
[2025-11-13T10:47:27.253Z] 🗑️ To-Do gelöscht: 760ad324-414c-4e47-9a08-1bc583a0be39
[2025-11-13T10:47:33.176Z] 🗑️ Termin gelöscht: fffceb13-dd42-433d-90d0-a27553df0e87
[2025-11-13T10:48:40.195Z] 📤 Mail gesendet an mmazur871@gmail.com: <f8d17109-a1f6-41a4-2565-e49bd27abc2d@gmail.com>
[2025-11-13T10:49:00.690Z] 🗑️ Termin gelöscht: c79f1e2a-2ae7-4ad4-ab1f-78556418d924
[2025-11-13T11:27:54.370Z] 🗑️ Termin gelöscht: d11be9d4-0244-47ad-b5b7-4c94c29b0f2d
[2025-11-13T11:29:14.956Z] 📤 Mail gesendet an mmazur871@gmail.com: <7a476ca5-1fc0-e747-87d5-5c2da4c24827@gmail.com>
[2025-11-13T11:46:17.276Z] 🗑️ Termin gelöscht: fe85f4c6-c46d-4709-9665-7f7777ae7fe0
[2025-11-13T11:54:02.074Z] 📝 To-Do angelegt: dfaef (8fe9aac7-cfbc-47a6-9f2e-49b07b906e6f)
[2025-11-13T11:54:03.841Z] 🗑️ To-Do gelöscht: 8fe9aac7-cfbc-47a6-9f2e-49b07b906e6f
[2025-11-13T12:04:52.398Z] 🗑️ Termin gelöscht: da9cc63d-455a-4053-9861-c836a02c020d
[2025-11-13T12:05:31.902Z] 🗑️ Termin gelöscht: 817229cd-235f-48b8-9116-98527d7b991a
[2025-11-13T12:54:48.665Z] 📤 Mail gesendet an mmazur871@gmail.com: <1a15d612-db9b-379a-f9c4-8639cc635412@gmail.com>
[2025-11-13T13:08:32.688Z] 🗑️ Termin gelöscht: 33d7a7d0-9b20-448d-ba86-8413907f1bd2
[2025-11-13T13:10:32.991Z] 🆕 Neuer Termin angelegt: markus (333)
[2025-11-13T13:10:36.543Z] 🆕 Neuer Termin angelegt: markus (333)
[2025-11-13T13:10:37.928Z] 🆕 Neuer Termin angelegt: markus (333)
[2025-11-13T13:10:38.323Z] 🆕 Neuer Termin angelegt: markus (333)
[2025-11-13T13:10:38.804Z] 📤 Mail gesendet an mmazur871@gmail.com: <72e18ccd-f851-acc4-4b0c-d5939bf854aa@gmail.com>
[2025-11-13T13:10:40.436Z] 📤 Mail gesendet an mmazur871@gmail.com: <cb1fa34a-0dca-0c59-7171-26f6cd371e1c@gmail.com>
[2025-11-13T13:10:42.820Z] 📤 Mail gesendet an mmazur871@gmail.com: <bf12551e-929e-5375-71cd-79e4489b4e3d@gmail.com>
[2025-11-13T13:10:43.568Z] 🗑️ Termin gelöscht: 529f0aad-6dca-43e9-8036-667ff3569152
[2025-11-13T13:10:43.620Z] 📤 Mail gesendet an mmazur871@gmail.com: <3336c1c2-9c81-9330-1a39-2172aeab3e7d@gmail.com>
[2025-11-13T13:10:45.389Z] 🗑️ Termin gelöscht: a52e22b0-01ee-426d-9e94-5b0d6732c27b
[2025-11-13T13:10:47.592Z] 🗑️ Termin gelöscht: 46536b69-2ade-48e4-8d9f-9b2c6b12506c
[2025-11-13T13:10:53.582Z] 🗑️ Termin gelöscht: c2206e5d-3d9c-48e1-9cce-27fb8e9a92e9
[2025-11-13T13:10:55.301Z] 🗑️ Termin gelöscht: cf6a7824-38f9-43a9-932f-8c4198c8ffd6
[2025-11-16T07:36:46.417Z] 🗑️ Termin gelöscht: e85a4098-cd1c-4461-94e0-e2941b819ec5
[2025-11-18T16:04:53.452Z] 🗑️ Termin gelöscht: f2f0e934-5763-46ea-a359-650d7ccf707e
[2025-11-18T17:33:12.134Z] 🗑️ Termin gelöscht: c7713ec5-b30d-410d-a156-bef1a4857dd1
[2025-11-18T17:36:34.124Z] 🗑️ Termin gelöscht: 7eed03c3-47b9-424a-ae99-1a54313717c2
[2025-11-18T17:51:45.607Z] 🗑️ Termin gelöscht: a88cea80-8fec-4124-b715-25132648c0cf
[2025-11-20T14:26:41.825Z] 🗑️ Termin gelöscht: fe7674cd-f17d-4629-8177-fdd2be467c42
[2025-11-20T14:56:44.080Z] 📆 Termin verschoben: 5cc4dc08-bf80-4651-9bd8-79eba63f3dd7 → 2000-12-12T12:00:00.000Z
[2025-11-20T14:56:47.512Z] 🗑️ Termin gelöscht: 5cc4dc08-bf80-4651-9bd8-79eba63f3dd7
[2025-11-20T15:20:49.177Z] 🆕 Neuer Termin angelegt: markus (Haarschnitt Herren)
[2025-11-20T15:20:50.729Z] 🆕 Neuer Termin angelegt: markus (Haarschnitt Herren)
[2025-11-20T15:20:51.168Z] 🆕 Neuer Termin angelegt: markus (Haarschnitt Herren)
[2025-11-20T15:20:51.340Z] 🆕 Neuer Termin angelegt: markus (Haarschnitt Herren)
[2025-11-20T15:20:51.533Z] 🆕 Neuer Termin angelegt: markus (Haarschnitt Herren)
[2025-11-20T15:20:52.451Z] 📤 Mail gesendet an mmazur871@gmail.com: <ece618fb-5d7d-6ac7-8372-08fb487cd574@gmail.com>
[2025-11-20T15:20:52.543Z] 🆕 Neuer Termin angelegt: markus (Haarschnitt Herren)
[2025-11-20T15:20:55.218Z] 📤 Mail gesendet an mmazur871@gmail.com: <dea564d4-3bec-9670-de84-451a1222cf5e@gmail.com>
[2025-11-20T15:20:55.222Z] 🆕 Neuer Termin angelegt: markus (Haarschnitt Herren)
[2025-11-20T15:20:55.791Z] 📤 Mail gesendet an mmazur871@gmail.com: <9d8ec03e-e8d3-0d1a-c6a3-3039a5f00d7a@gmail.com>
[2025-11-20T15:20:56.696Z] 📤 Mail gesendet an mmazur871@gmail.com: <1a8216b9-4785-9927-ca60-a8b8c39aef6f@gmail.com>
[2025-11-20T15:20:57.413Z] 📤 Mail gesendet an mmazur871@gmail.com: <1aa952aa-36f8-7732-78c4-69f80d99b8d5@gmail.com>
[2025-11-20T15:20:58.238Z] 📤 Mail gesendet an mmazur871@gmail.com: <34dc6b73-a12f-4acb-8918-4da05da0335b@gmail.com>
[2025-11-20T15:20:59.323Z] 📤 Mail gesendet an mmazur871@gmail.com: <727651e9-a045-f823-5f3a-307cd63596d6@gmail.com>
[2025-11-20T15:21:01.814Z] 📤 Mail gesendet an mmazur871@gmail.com: <c55198f3-1893-ac8f-f5f7-c420d8481722@gmail.com>
[2025-11-20T15:21:02.278Z] 📤 Mail gesendet an mmazur871@gmail.com: <ff2fe2d4-8566-b4ea-3d18-19407b0abd4a@gmail.com>
[2025-11-20T15:21:03.010Z] 📤 Mail gesendet an mmazur871@gmail.com: <6affd699-6d66-9729-a25a-1412f9c239da@gmail.com>
[2025-11-20T15:21:04.401Z] 📤 Mail gesendet an mmazur871@gmail.com: <7c17e42e-fd74-1c89-941a-ff9a208b8612@gmail.com>
[2025-11-20T15:21:05.093Z] 📤 Mail gesendet an mmazur871@gmail.com: <d5c78a84-f2ba-238e-9366-ee7773150e83@gmail.com>
[2025-11-20T15:21:06.135Z] 📤 Mail gesendet an mmazur871@gmail.com: <2ea2c442-8507-186f-bfa4-e2572335e83e@gmail.com>
[2025-11-20T15:21:07.458Z] 📤 Mail gesendet an mmazur871@gmail.com: <43522f49-f2b9-ff54-a068-d04e30e4151f@gmail.com>
[2025-11-20T15:22:51.247Z] 🗑️ Termin gelöscht: 1fc508e8-fad5-4e06-970b-13687dba3bd3
[2025-11-20T15:22:53.619Z] 🗑️ Termin gelöscht: e5101647-c5e9-4953-9fe4-5d2c4d7e3b52
[2025-11-20T15:22:56.121Z] 🗑️ Termin gelöscht: c2f1852e-6cae-4f3a-bfab-6de8f5a015c7
[2025-11-20T15:22:58.169Z] 🗑️ Termin gelöscht: 905d4999-c0c9-4dbd-9652-aaf25d7be14b
[2025-11-20T15:23:00.133Z] 🗑️ Termin gelöscht: b2c7d41a-88f4-47e0-9d27-db5e21acace9
[2025-11-20T15:23:03.134Z] 🗑️ Termin gelöscht: 162acab0-6a3b-47f1-9e13-49fa5c6eada8
[2025-11-20T15:23:06.111Z] 🗑️ Termin gelöscht: 728affbc-683d-4af8-968b-b7f1aada3bbe
[2025-11-20T15:47:50.062Z] 🆕 Neuer Termin angelegt: markus mazur (Haarschnitt Damen)
[2025-11-20T15:47:53.233Z] 📤 Mail gesendet an mmazur871@gmail.com: <9f5bd8cb-5de4-c3df-7036-a700b00f12ef@gmail.com>
[2025-11-21T07:10:38.557Z] 🆕 Neuer Termin angelegt: Markus Mazur (Haarschnitt Herren)
[2025-11-21T08:06:30.975Z] 🗑️ Termin gelöscht: cc808ada-e52f-4c18-8909-7ead23c66f76
[2025-11-21T08:06:36.110Z] 🗑️ Termin gelöscht: 5b9f7f8f-2a03-431c-b281-4775197b0249
[2025-11-21T08:08:17.692Z] 🆕 Neuer Termin angelegt: Markus Mazur (Maniküre)
[2025-11-21T09:08:15.228Z] 🆕 Neuer Termin angelegt: Markus MazUR (Haarschnitt Herren)
[2025-11-21T09:08:18.375Z] 🆕 Neuer Termin angelegt: Markus MazUR (Haarschnitt Herren)
[2025-11-21T09:08:19.048Z] 📤 Mail gesendet an mmazur871@gmail.com: <faae280e-0db3-d3ea-cc7c-d76b3b28d241@gmail.com>
[2025-11-21T09:08:20.652Z] 📤 Mail gesendet an mmazur871@gmail.com: <f1abfb4c-dbe5-95f9-a394-d89efc8a9b88@gmail.com>
[2025-11-21T09:30:08.763Z] 🆕 Neuer Termin angelegt: Jennifer (Haarschnitt Damen)
[2025-11-21T09:30:11.922Z] 📤 Mail gesendet an mmazur871@gmail.com: <d06b550e-b410-aab5-14b5-ed72471dd529@gmail.com>
[2025-11-21T09:32:18.534Z] 🆕 Neuer Termin angelegt: frwfwr (Wimpernlifting)
[2025-11-21T09:32:21.303Z] 📤 Mail gesendet an mmazur871@gmail.com: <aeae9600-8ef6-04c9-ae6a-601fdbdcd9d9@gmail.com>
[2025-11-21T09:39:03.626Z] 🗑️ Termin gelöscht: 95700cc3-54ff-496d-986a-23474d97b49b
[2025-11-21T09:39:05.158Z] 🗑️ Termin gelöscht: 672147f5-fe6c-45ea-985f-4b67e623ad6b
[2025-11-21T09:39:15.880Z] 🗑️ Termin gelöscht: 711ec7b3-52c5-452e-bbb5-a11532a9bd29
[2025-11-21T09:39:17.665Z] 🗑️ Termin gelöscht: 503c8f59-ad58-473e-9904-9b1d4b06ccfa
[2025-11-21T09:39:19.232Z] 🗑️ Termin gelöscht: 3fe8e8c7-1743-45f0-91d9-881c7b3601ac
[2025-11-21T13:31:46.646Z] ✅ Twilio WhatsApp initialisiert und bereit.
[2025-11-21T13:34:00.727Z] 🆕 Neuer Termin angelegt: aaa (Wimpernlifting)
[2025-11-21T13:34:00.749Z] ℹ️ WhatsApp-Reminder (24h vorher) liegt in der Vergangenheit, wird nicht geplant.
[2025-11-21T13:34:00.749Z] ℹ️ WhatsApp-Reminder (2h vorher) liegt in der Vergangenheit, wird nicht geplant.
[2025-11-21T13:34:03.819Z] 📤 Mail gesendet an mmazur871@gmail.com: <68d4d68b-5866-2b16-9f6b-65e2d0a7114a@gmail.com>
[2025-11-23T16:03:09.918Z] ✅ Twilio WhatsApp initialisiert und bereit.
[2025-11-23T16:42:02.082Z] ✅ Twilio WhatsApp initialisiert und bereit.
[2025-11-26T09:06:18.782Z] ✅ Twilio WhatsApp initialisiert und bereit.
[2025-11-26T09:07:50.476Z] 🗑️ Termin gelöscht: 5778a57e-a3cf-4b4d-b1ca-b61a68e297ed
[2025-11-26T09:29:37.996Z] 📝 To-Do angelegt: sdwef (f8b44fdc-6a99-4cb5-b650-2b311946e318)
[2025-11-26T09:29:40.024Z] 🗑️ To-Do gelöscht: f8b44fdc-6a99-4cb5-b650-2b311946e318
[2025-11-26T11:31:40.107Z] 🗑️ Termin gelöscht: 52ad3084-d614-4ef8-be64-a83f3ef426e4
[2025-11-26T11:31:41.566Z] 🗑️ Termin gelöscht: cb7d80ab-25da-4480-8b6b-15482ede36d3
[2025-11-26T11:31:42.968Z] 🗑️ Termin gelöscht: 58b0b7b2-ae2f-43a4-9e8f-30f97eb732c0
[2025-11-26T11:31:44.646Z] 🗑️ Termin gelöscht: 94c053f8-014f-427b-954b-11a5215c192f
[2025-11-26T11:31:46.496Z] 🗑️ Termin gelöscht: 77ea53e4-be0f-4525-8e21-e883e4ba679f
[2025-11-26T11:50:51.983Z] 🗑️ Termin gelöscht: e5d0c822-940b-4fdf-a498-851607ab6b0d
[2025-11-26T11:50:53.374Z] 🗑️ Termin gelöscht: 2eed368b-2acd-4585-8921-6f99a047c270
[2025-11-26T11:50:55.567Z] 🗑️ Termin gelöscht: 8ea30842-70a1-4d7a-a6fc-8179a0e1a35b
[2025-11-26T11:50:57.389Z] 🗑️ Termin gelöscht: f94b38a9-7cef-45cf-8297-914060aedb0e
[2025-11-26T11:50:59.233Z] 🗑️ Termin gelöscht: e4d23252-4bd6-42c5-9bb0-e0904958afe5
[2025-11-26T11:51:00.415Z] 🗑️ Termin gelöscht: 8fc16a2e-f8b5-4cf5-92c2-81970e3e34c7
[2025-11-26T11:51:01.750Z] 🗑️ Termin gelöscht: 02c2b6b6-92d5-46ef-bcdb-d20ab53a9f07
[2025-11-26T12:22:20.671Z] 📝 To-Do angelegt: fdbaet (647f8ed8-38cc-463f-8748-5d2a9d401194)
[2025-11-26T12:22:24.381Z] 📝 To-Do angelegt: fdbaet (c6dfa2b4-fa7c-4579-9650-efefc2fd7574)
[2025-11-26T12:22:24.885Z] 📝 To-Do angelegt: fdbaet (3c31f346-ef18-4312-9b6b-3f435b3c4cc4)
[2025-11-26T12:22:25.031Z] 📝 To-Do angelegt: fdbaet (9ffc54e6-2ee6-48f4-afed-1bc0b62296cb)
[2025-11-26T12:22:25.226Z] 📝 To-Do angelegt: fdbaet (8bbf5add-015c-4fe3-855e-3700c077196f)
[2025-11-26T12:22:25.376Z] 📝 To-Do angelegt: fdbaet (5116db1b-b52a-4acf-935a-34208850e957)
[2025-11-26T12:22:25.544Z] 📝 To-Do angelegt: fdbaet (ae2cd932-770c-4440-b77f-992346d6e0f5)
[2025-11-26T12:22:25.703Z] 📝 To-Do angelegt: fdbaet (0db7181d-5e89-4bcf-97ca-be4f1d6eb158)
[2025-11-26T12:22:30.193Z] 🗑️ To-Do gelöscht: 647f8ed8-38cc-463f-8748-5d2a9d401194
[2025-11-26T12:22:31.695Z] 🗑️ To-Do gelöscht: 3c31f346-ef18-4312-9b6b-3f435b3c4cc4
[2025-11-26T12:22:33.579Z] 🗑️ To-Do gelöscht: ae2cd932-770c-4440-b77f-992346d6e0f5
[2025-11-26T12:22:34.904Z] 🗑️ To-Do gelöscht: 0db7181d-5e89-4bcf-97ca-be4f1d6eb158
[2025-11-26T12:22:36.335Z] 🗑️ To-Do gelöscht: 9ffc54e6-2ee6-48f4-afed-1bc0b62296cb
[2025-11-26T12:22:37.800Z] 🗑️ To-Do gelöscht: c6dfa2b4-fa7c-4579-9650-efefc2fd7574
[2025-11-26T12:22:39.199Z] 🗑️ To-Do gelöscht: 8bbf5add-015c-4fe3-855e-3700c077196f
[2025-11-26T12:22:40.854Z] 🗑️ To-Do gelöscht: 5116db1b-b52a-4acf-935a-34208850e957
[2025-11-26T12:22:51.246Z] 📝 To-Do angelegt: fdbaet (1be0309d-428b-4a1e-b207-4f7928691e41)
[2025-11-26T12:22:55.208Z] 🗑️ To-Do gelöscht: 1be0309d-428b-4a1e-b207-4f7928691e41
[2025-11-26T12:23:03.221Z] 🗑️ Termin gelöscht: 474bd0cd-9a1d-4a09-ab3e-ef41bd3ed5fe
[2025-11-26T12:37:04.158Z] 🗑️ Termin gelöscht: fccbd342-0b20-45b8-ae75-5fc0b0557ff3
[2025-11-26T12:38:01.344Z] 📝 To-Do angelegt: dff (48d92a35-ea59-49e8-80ff-20efd6123e2e)
[2025-11-26T12:38:03.441Z] ✅ To-Do erledigt: 48d92a35-ea59-49e8-80ff-20efd6123e2e
[2025-11-26T12:38:04.992Z] 🗑️ To-Do gelöscht: 48d92a35-ea59-49e8-80ff-20efd6123e2e
[2025-11-26T12:41:14.311Z] 🗑️ Termin gelöscht: 5e1be58f-2288-4488-90b3-ed5c56a1492f
[2025-11-26T12:41:16.165Z] 🗑️ Termin gelöscht: 2fb87e35-3fb6-403d-8e08-69ec3f3c7845
[2025-11-26T12:41:18.121Z] 🗑️ Termin gelöscht: 0345be2f-fcec-4f90-a158-cb09bb017c3f
[2025-11-26T13:59:19.819Z] 🗑️ Termin gelöscht: eda14ca3-e0e2-4f78-b250-407fb2f9290a
[2025-11-26T14:59:50.189Z] 📝 To-Do angelegt: wtzwr (72733f74-59b9-461b-a293-bc6b369725c1)
[2025-11-26T14:59:52.032Z] 🗑️ To-Do gelöscht: 72733f74-59b9-461b-a293-bc6b369725c1
[2025-11-27T08:33:15.214Z] ✅ Twilio WhatsApp initialisiert und bereit.
[2025-11-27T12:17:23.393Z] ✅ Twilio WhatsApp initialisiert und bereit.
[2025-11-27T12:18:26.951Z] 📝 To-Do angelegt: rwgw (67dc1b3f-05fa-4849-b456-9c03aed34ab9)
[2025-11-27T12:18:28.415Z] 🗑️ To-Do gelöscht: 67dc1b3f-05fa-4849-b456-9c03aed34ab9
[2025-11-27T12:41:01.401Z] 🗑️ Termin gelöscht: 04c5af5f-59ed-4af5-ab0c-cc244a5ab76e
[2025-11-27T12:41:03.334Z] 🗑️ Termin gelöscht: 7a7991e6-0514-46f0-a9ee-e7c461d348cc
[2025-11-27T18:36:16.735Z] 📝 To-Do angelegt: vvb (8095a37e-305a-4559-b287-6bc638bc8b49)
[2025-11-27T18:36:18.751Z] 🗑️ To-Do gelöscht: 8095a37e-305a-4559-b287-6bc638bc8b49
[2025-11-27T19:44:59.166Z] 🗑️ Termin gelöscht: 65d53973-c790-4719-b726-7ea0ae97d574
[2025-11-27T19:45:01.100Z] 🗑️ Termin gelöscht: 183797f8-4cab-42cc-a7aa-1b214b24110f
[2025-11-27T19:45:02.907Z] 🗑️ Termin gelöscht: 901e29a1-2b46-4a6b-a1c1-4df93b20f22c
[2025-11-27T19:45:04.675Z] 🗑️ Termin gelöscht: ea1113f6-00a7-46d3-b263-89347f2c4a6b
[2025-11-27T19:45:07.443Z] 🗑️ Termin gelöscht: 4ee5e4d2-a0e0-4241-b737-9c7c71447c6b
[2025-11-27T19:45:09.260Z] 🗑️ Termin gelöscht: 4a75d736-df4d-4658-9735-925d876438e8
[2025-11-27T19:45:11.539Z] 🗑️ Termin gelöscht: c9d98ab0-5b19-4263-958d-c07d6e4537f9
[2025-11-27T19:45:13.763Z] 🗑️ Termin gelöscht: 888969a0-47a1-4c7d-b303-272cf218124d
[2025-11-27T19:45:15.523Z] 🗑️ Termin gelöscht: f424cc98-3ed7-4412-ad3b-c4f065a941a4
[2025-11-27T19:45:17.370Z] 🗑️ Termin gelöscht: 872ac807-cad4-41e0-ac37-aa63fdd7451a
[2025-11-27T19:45:45.229Z] 📆 Termin verschoben: bec32f9d-4630-45d4-a00a-115cf9f4c029 → 2025-12-20T19:00:00.000Z
[2025-11-27T19:45:47.989Z] 🗑️ Termin gelöscht: bec32f9d-4630-45d4-a00a-115cf9f4c029
[2025-11-27T19:45:50.021Z] 🗑️ Termin gelöscht: 7ca85115-036a-45d4-963e-fc425308cdbb
[2025-11-27T19:45:56.049Z] 🗑️ Termin gelöscht: df101112-44be-4eb0-827a-ec3930a64fc1
[2025-11-27T20:01:48.843Z] 🗑️ Termin gelöscht: e2011481-39f6-4a7c-8a9d-7599df8727d7
[2025-11-27T20:01:51.780Z] 🗑️ Termin gelöscht: 9ce33b15-986f-44f1-a73a-ca05e89e7a66
[2025-11-27T20:07:21.208Z] 📝 To-Do angelegt: ef (8e8bc1ac-74c7-4105-a70e-56cd10b51df0)
[2025-11-27T20:07:28.145Z] ✅ To-Do erledigt: 8e8bc1ac-74c7-4105-a70e-56cd10b51df0
[2025-11-27T20:07:30.376Z] 🗑️ To-Do gelöscht: 8e8bc1ac-74c7-4105-a70e-56cd10b51df0
[2025-11-27T20:09:19.928Z] 🗑️ Termin gelöscht: c0f8f0b4-dce8-4916-87b4-baf38b5ba389
[2025-11-27T20:09:22.083Z] 🗑️ Termin gelöscht: 69962066-b9cb-4bfe-848f-4f71a8ff0b13
[2025-11-27T20:09:24.043Z] 🗑️ Termin gelöscht: 2f650fb9-99f8-450f-a931-d6cc703d0666
[2025-11-27T20:09:26.282Z] 🗑️ Termin gelöscht: 3ee9770c-d4fe-46e7-b3b1-4b5a4fdf6ba7
[2025-11-27T20:09:28.440Z] 🗑️ Termin gelöscht: ebdb6c0f-0857-4a7d-99bf-63f865d5db1a
[2025-11-27T20:09:29.983Z] 🗑️ Termin gelöscht: c8bd4587-4242-45ae-8042-783d744cc3d1
[2025-11-27T20:09:31.959Z] 🗑️ Termin gelöscht: 015834be-475f-4979-a617-f460c99c009e
[2025-11-27T20:09:33.417Z] 🗑️ Termin gelöscht: 237f385a-deee-4b79-8480-31b01022eda0
[2025-11-27T20:09:34.969Z] 🗑️ Termin gelöscht: b00997a4-93d9-4242-8df7-784bde892084
[2025-11-27T20:09:36.423Z] 🗑️ Termin gelöscht: bc1990d6-b56c-4b59-93f4-e7e28f3df10b
[2025-11-27T20:13:02.113Z] 📝 To-Do angelegt: eh (b991b603-354a-4c7c-aaca-1c1f60999d4b)
[2025-11-27T20:13:05.144Z] ✅ To-Do erledigt: b991b603-354a-4c7c-aaca-1c1f60999d4b
[2025-11-27T20:13:06.907Z] 🗑️ To-Do gelöscht: b991b603-354a-4c7c-aaca-1c1f60999d4b
[2025-11-27T20:14:13.825Z] 🗑️ Termin gelöscht: 26eee029-2fad-4c0b-80f0-66782ebfc41f
[2025-11-27T20:25:31.833Z] ✅ Twilio WhatsApp initialisiert und bereit.
[2025-11-27T20:25:50.177Z] 📝 To-Do angelegt: sgg (2abe6694-1a07-4289-9574-3e5e6a1a3a3d)
[2025-11-27T20:25:51.794Z] 🗑️ To-Do gelöscht: 2abe6694-1a07-4289-9574-3e5e6a1a3a3d
[2025-11-28T23:28:31.558Z] ℹ️ WhatsApp nicht aktiv (ENV fehlt).
[2025-11-28T23:28:31.566Z] 🚀 Server läuft auf http://localhost:8083
[2025-11-28T23:37:31.702Z] ✅ Twilio WhatsApp initialisiert und bereit.
[2025-11-28T23:38:40.218Z] 📝 To-Do angelegt: ffff (3ff6b3de-ea1e-4933-8b14-7578c5e61410)
[2025-11-28T23:38:42.043Z] 🗑️ To-Do gelöscht: 3ff6b3de-ea1e-4933-8b14-7578c5e61410
[2025-11-29T13:16:16.757Z] ✅ Twilio WhatsApp initialisiert und bereit.
[2025-11-29T13:16:49.548Z] 🗑️ Termin gelöscht: 47045976-6197-4f06-ae8c-0d77ffbe4fcb
[2025-11-29T13:16:51.548Z] 🗑️ Termin gelöscht: f2affa09-051d-4008-aa92-85fa3b2735ec
[2025-11-29T14:21:56.254Z] 🗑️ Termin gelöscht: 6e2ae81e-e5a6-4a77-8a3e-24bf06d4182f
[2025-11-29T14:21:58.069Z] 🗑️ Termin gelöscht: b5b118f7-d677-4bdf-829f-c775608e5921
[2025-11-30T13:54:23.589Z] ✅ Twilio WhatsApp initialisiert und bereit.
[2025-11-30T14:20:31.438Z] ✅ Twilio WhatsApp initialisiert und bereit.
[2025-11-30T14:33:27.966Z] ✅ Twilio WhatsApp initialisiert und bereit.
[2025-11-30T14:33:41.486Z] ✅ Twilio WhatsApp initialisiert und bereit.
[2025-12-01T09:16:08.433Z] ✅ Twilio WhatsApp initialisiert und bereit.
[2025-12-01T09:19:48.498Z] 🗑️ Termin gelöscht: aba7e7e3-84eb-49ac-b024-9eb9c21cb9e2
[2025-12-01T09:19:50.116Z] 🗑️ Termin gelöscht: f92c92e9-5338-4574-8043-09a8b6e16087
[2025-12-01T09:19:51.708Z] 🗑️ Termin gelöscht: 21c91887-b141-409d-8780-fd25e1bd0279
[2025-12-01T10:05:01.709Z] 🗑️ Termin gelöscht: 41eca376-c017-4eb7-a7f3-5ed74bed4aaf
[2025-12-01T10:55:03.686Z] 🗑️ Termin gelöscht: d847a6cc-ad0e-4e5a-b8f4-f183afec90ee
[2025-12-01T10:55:04.875Z] 🗑️ Termin gelöscht: a66eb0a1-8f4f-4911-b62c-330a81589c73
[2025-12-01T11:42:40.195Z] 🗑️ Termin gelöscht: d4042a21-f87f-40ff-9194-9e5e2c190676
[2025-12-01T11:42:42.410Z] 🗑️ Termin gelöscht: b8ccd743-d7b3-4b4d-9689-e542f47eb037
[2025-12-01T11:42:50.974Z] 🗑️ Termin gelöscht: 01d7e19a-7cf3-48b2-9afe-69848def82d9
[2025-12-01T11:42:52.674Z] 🗑️ Termin gelöscht: e1601bef-7038-46d8-b74a-d34f0bcb1066
[2025-12-01T12:36:50.626Z] 🗑️ Termin gelöscht: 52057177-b38a-47e5-99e2-be9113010c90
[2025-12-01T12:36:52.290Z] 🗑️ Termin gelöscht: 2171b8dc-e567-494d-bae2-1dc94bcaec01
[2025-12-01T12:36:53.827Z] 🗑️ Termin gelöscht: 01c38528-6f30-49a2-acdf-723b155c1050
[2025-12-01T12:36:55.411Z] 🗑️ Termin gelöscht: f49bd4ea-2cc7-4183-8c81-34200d82131c
[2025-12-01T12:36:56.859Z] 🗑️ Termin gelöscht: b750257c-177d-48f1-9a6f-6b166342b795
[2025-12-01T12:36:58.362Z] 🗑️ Termin gelöscht: 7023d8ed-7e8f-4bc9-a140-1dda833acc15
[2025-12-01T12:36:59.723Z] 🗑️ Termin gelöscht: 06694f22-f2d1-4a8f-9a4f-59936bc34bc1
[2025-12-01T12:37:01.573Z] 🗑️ Termin gelöscht: 86b00a6f-c15e-4ec7-975a-469b1842f345
[2025-12-01T12:37:03.020Z] 🗑️ Termin gelöscht: 29e4d4b2-76e1-409c-ae9a-3b82e3fa8d69
[2025-12-01T12:37:04.460Z] 🗑️ Termin gelöscht: 567964d5-aca2-4c5a-b20e-9769c5c9316c
[2025-12-01T12:37:05.992Z] 🗑️ Termin gelöscht: 4a9efc6c-bc6d-48d8-b70e-20f600ef35ad
[2025-12-01T12:37:07.540Z] 🗑️ Termin gelöscht: 0f0186ab-9dfb-4860-805e-157a8b86fe35
[2025-12-01T12:38:34.946Z] 🗑️ Termin gelöscht: 6809238a-b10a-473c-a210-a98c8cb329aa
[2025-12-01T12:39:18.902Z] 🆕 Neuer Termin angelegt: anna (Haareschneide)
[2025-12-01T12:39:18.924Z] ℹ️ WhatsApp-Reminder (24h vorher) liegt in der Vergangenheit, wird nicht geplant.
[2025-12-01T12:39:18.924Z] ℹ️ WhatsApp-Reminder (2h vorher) liegt in der Vergangenheit, wird nicht geplant.
[2025-12-01T12:39:19.671Z] 📲 WhatsApp-Message gesendet an whatsapp:+49155555: SM01f6e6a94d0b891544387eddddb28651
[2025-12-01T12:39:22.435Z] 🆕 Neuer Termin angelegt: anna (Haareschneide)
[2025-12-01T12:39:22.436Z] ℹ️ WhatsApp-Reminder (24h vorher) liegt in der Vergangenheit, wird nicht geplant.
[2025-12-01T12:39:22.436Z] ℹ️ WhatsApp-Reminder (2h vorher) liegt in der Vergangenheit, wird nicht geplant.
[2025-12-01T12:39:22.479Z] 📤 Mail gesendet an mmazur871@gmail.com: <038933df-eec4-b399-8072-0696a2fc9f08@gmail.com>
[2025-12-01T12:39:22.849Z] 📲 WhatsApp-Message gesendet an whatsapp:+49155555: SMbb09086c8a5cc2f2cd17d210f93d1bea
[2025-12-01T12:39:24.877Z] 📤 Mail gesendet an mmazur871@gmail.com: <9675d132-37ad-75e0-3e0d-50f786dd2728@gmail.com>
[2025-12-01T12:39:46.204Z] 🗑️ Termin gelöscht: 32173a74-d9c3-4739-b1ce-72581ec49e4f
[2025-12-01T12:39:48.075Z] 🗑️ Termin gelöscht: 82321740-612e-427f-a42b-81ff502e8280
[2025-12-01T12:43:15.652Z] 🗑️ Termin gelöscht: 4ee9dade-71fb-4a3f-9f16-39cdc87e1a0c
[2025-12-01T12:43:38.708Z] 🆕 Neuer Termin angelegt: anna (haareschneiden)
[2025-12-01T12:43:38.709Z] ℹ️ WhatsApp-Reminder (24h vorher) liegt in der Vergangenheit, wird nicht geplant.
[2025-12-01T12:43:38.710Z] ℹ️ WhatsApp-Reminder (2h vorher) liegt in der Vergangenheit, wird nicht geplant.
[2025-12-01T12:43:41.961Z] 📤 Mail gesendet an mmazur871@gmail.com: <f6224c48-93b9-848e-3bb4-2cd45d1bc2f2@gmail.com>
[2025-12-01T12:44:16.824Z] 🆕 Neuer Termin angelegt: 1111 (1)
[2025-12-01T12:44:16.825Z] ℹ️ WhatsApp-Reminder (24h vorher) liegt in der Vergangenheit, wird nicht geplant.
[2025-12-01T12:44:16.826Z] ℹ️ WhatsApp-Reminder (2h vorher) liegt in der Vergangenheit, wird nicht geplant.
[2025-12-01T12:44:20.268Z] 📤 Mail gesendet an mmazur871@gmail.com: <78ddd1f4-0e3b-42ac-4d80-dbc9271359e2@gmail.com>
[2025-12-01T12:44:30.743Z] 🗑️ Termin gelöscht: eaef10b2-a5b2-450b-8a70-67ae02fcfc92
[2025-12-01T12:44:32.488Z] 🗑️ Termin gelöscht: 389ccc58-ef82-4e49-ad77-76f5774739f9
[2025-12-01T12:53:19.596Z] 🗑️ Termin gelöscht: 12b1b3e1-259c-4477-b9c8-99a4479019c4
[2025-12-01T12:53:42.338Z] 🗑️ Termin gelöscht: 2d2093c5-c4aa-435a-88aa-7d1c64ea3b87
[2025-12-01T12:54:58.500Z] 🗑️ Termin gelöscht: f4f5ebf3-bd3e-423e-9b72-bb18ccb455fc
[2025-12-01T12:57:52.214Z] 🗑️ Termin gelöscht: d44d5000-e03a-4c3c-af95-91680ee23744
[2025-12-01T13:04:34.360Z] 🗑️ Termin gelöscht: 8e65f716-2ec5-4a47-b4c0-d6924349a4f0
[2025-12-01T13:04:36.555Z] 🗑️ Termin gelöscht: dd806cb2-b486-4168-b2ac-eb35f344a209
[2025-12-01T13:04:38.032Z] 🗑️ Termin gelöscht: f33ca84c-b70c-4d23-b48b-e56296d92069
[2025-12-01T13:04:39.656Z] 🗑️ Termin gelöscht: 256450f7-67a0-4a8f-acb9-7590c9a2a85f
[2025-12-01T13:04:42.337Z] 🗑️ Termin gelöscht: c546be52-5c72-4750-9908-1471f320ce5f
[2025-12-01T13:05:07.729Z] 🗑️ Termin gelöscht: 5a9fb0a7-945b-4d00-8ef7-d5f5c2eabc73
[2025-12-01T13:05:09.537Z] 🗑️ Termin gelöscht: 63ae0531-970e-46ea-abb7-6ae2b63ffbf3
[2025-12-01T13:05:11.536Z] 🗑️ Termin gelöscht: 079b2f94-49c9-4dc5-a08f-b645ef672639
[2025-12-01T13:20:27.026Z] 🗑️ Termin gelöscht: 34fc5207-3d9c-4d4f-bf74-433e24f6443d
[2025-12-01T13:21:50.705Z] 📆 Termin verschoben: a71cd937-f79c-480e-9dd8-bc2853f0a4a9 → 2025-12-01T13:21:50.704Z
[2025-12-01T13:22:19.378Z] 📆 Termin verschoben: a71cd937-f79c-480e-9dd8-bc2853f0a4a9 → 2025-12-25T14:00:00.000Z
[2025-12-01T13:28:15.196Z] 🗑️ Termin gelöscht: a71cd937-f79c-480e-9dd8-bc2853f0a4a9
[2025-12-01T13:29:09.730Z] 🗑️ Termin gelöscht: afd70b78-6352-4c06-ba4c-343d906809e7
[2025-12-01T13:44:42.691Z] 🗑️ Termin gelöscht: 85288de9-81ff-449d-b39b-c9f645388b35
[2025-12-01T13:49:06.682Z] 🗑️ Termin gelöscht: 8c804b56-63a2-4d48-b3cc-0e37c2b6233a
[2025-12-01T13:49:08.360Z] 🗑️ Termin gelöscht: 24fb9592-b199-4038-a77c-3f3beeda23d1
[2025-12-01T13:49:10.024Z] 🗑️ Termin gelöscht: dd675382-0bdf-4e62-a09c-34b924b8f47e
[2025-12-01T13:54:14.949Z] 🗑️ Termin gelöscht: e73a683d-5136-4daf-90e2-192143adc702
[2025-12-01T14:01:51.094Z] 🗑️ Termin gelöscht: e5ed359a-8c9f-493b-82e8-1b335aada9cd
[2025-12-01T14:01:52.912Z] 🗑️ Termin gelöscht: f1b9705c-c817-48b4-9632-9ef1d04392e5
[2025-12-01T14:10:37.922Z] 🗑️ Termin gelöscht: 93c706b0-c3f1-44b4-9be7-d6f715bac8e9
[2025-12-01T14:11:00.344Z] 🆕 Neuer Termin angelegt: Anna (Wimpern)
[2025-12-01T14:11:00.346Z] ℹ️ WhatsApp-Reminder (24h vorher) liegt in der Vergangenheit, wird nicht geplant.
[2025-12-01T14:11:00.346Z] ℹ️ WhatsApp-Reminder (2h vorher) liegt in der Vergangenheit, wird nicht geplant.
[2025-12-01T14:11:01.041Z] 📲 WhatsApp-Message gesendet an whatsapp:+936362653: SM9e217ebfef2a00f0fd8aaea29fc0ee94
[2025-12-01T14:11:04.332Z] 📤 Mail gesendet an mmazur871@gmail.com: <65d24e55-d18e-1f77-b6aa-ef5d1418410e@gmail.com>
[2025-12-01T14:28:56.994Z] 🗑️ Termin gelöscht: b93da272-3de9-487d-ab1e-17ba2fc965f2
[2025-12-01T14:29:04.545Z] 🗑️ Termin gelöscht: a4cdf4fb-0029-419a-826e-0f5d7f415332
[2025-12-01T14:31:36.011Z] 🗑️ Termin gelöscht: ee2e9e56-8fb7-4feb-8b61-d11911f8b07c
[2025-12-01T14:31:37.680Z] 🗑️ Termin gelöscht: cdc6db93-30a2-476c-bdf3-60f85fd084f4
[2025-12-01T14:32:52.857Z] 🆕 Neuer Termin angelegt: Anna (Wimpern)
[2025-12-01T14:32:52.862Z] 📆 WhatsApp-Reminder (24h vorher) geplant für 2025-12-11T11:12:00.000Z (Booking 928f737c-9956-454f-847b-3cf4efabd68f)
[2025-12-01T14:32:52.863Z] 📆 WhatsApp-Reminder (2h vorher) geplant für 2025-12-12T09:12:00.000Z (Booking 928f737c-9956-454f-847b-3cf4efabd68f)
[2025-12-01T14:32:56.167Z] 📤 Mail gesendet an mmazur871@gmail.com: <1be2896d-b9ed-e12d-9dcf-3fcc025fbe5d@gmail.com>
[2025-12-01T14:33:24.403Z] 🆕 Neuer Termin angelegt: wef (fw)
[2025-12-01T14:33:24.405Z] 📆 WhatsApp-Reminder (24h vorher) geplant für 2222-12-11T11:12:00.000Z (Booking f1c9282d-bdb6-4b73-95ae-85bd9622b148)
[2025-12-01T14:33:24.405Z] 📆 WhatsApp-Reminder (2h vorher) geplant für 2222-12-12T09:12:00.000Z (Booking f1c9282d-bdb6-4b73-95ae-85bd9622b148)
[2025-12-01T14:33:27.792Z] 📤 Mail gesendet an mmazur871@gmail.com: <83410826-9428-1ee9-62c2-6ad862e2bcfc@gmail.com>
[2025-12-01T14:50:39.260Z] 🗑️ Termin gelöscht: 928f737c-9956-454f-847b-3cf4efabd68f
[2025-12-01T14:50:40.832Z] 🗑️ Termin gelöscht: f1c9282d-bdb6-4b73-95ae-85bd9622b148
[2025-12-01T14:50:46.480Z] 🗑️ Termin gelöscht: d2495686-543f-4652-a5b1-64a04d077fba
[2025-12-01T14:51:30.489Z] 🆕 Neuer Termin angelegt: anna (wimper)
[2025-12-01T14:51:30.490Z] ℹ️ WhatsApp-Reminder (24h vorher) liegt in der Vergangenheit, wird nicht geplant.
[2025-12-01T14:51:30.491Z] 📆 WhatsApp-Reminder (2h vorher) geplant für 2025-12-02T09:00:00.000Z (Booking 007fb4a0-47a2-4503-99bd-92b5563ea0ab)
[2025-12-01T14:51:31.109Z] 📲 WhatsApp-Message gesendet an whatsapp:+34533533: SM520e16e4c7628d5e590852932fbdd614
[2025-12-01T14:51:34.331Z] 📤 Mail gesendet an mmazur871@gmail.com: <e7e3a572-7255-814d-1ef1-a5bf243d8abd@gmail.com>
[2025-12-01T14:52:28.476Z] 🆕 Neuer Termin angelegt: annagg (gesicht)
[2025-12-01T14:52:28.477Z] 📆 WhatsApp-Reminder (24h vorher) geplant für 2025-12-11T11:12:00.000Z (Booking 8d3c0102-e177-41ed-94f1-1047078467b4)
[2025-12-01T14:52:28.478Z] 📆 WhatsApp-Reminder (2h vorher) geplant für 2025-12-12T09:12:00.000Z (Booking 8d3c0102-e177-41ed-94f1-1047078467b4)
[2025-12-01T14:52:28.863Z] 📲 WhatsApp-Message gesendet an whatsapp:+54564332: SMea6139299cce095072652fed21489c88
[2025-12-01T14:52:31.972Z] 📤 Mail gesendet an mmazur871@gmail.com: <4dc4c28a-d6f5-fd0b-7c75-e1bb4e908a4d@gmail.com>
[2025-12-01T15:18:44.391Z] 🗑️ Termin gelöscht: 007fb4a0-47a2-4503-99bd-92b5563ea0ab
[2025-12-01T15:18:48.058Z] 🗑️ Termin gelöscht: 8d3c0102-e177-41ed-94f1-1047078467b4
[2025-12-01T15:19:27.917Z] 🆕 Neuer Termin angelegt: anna (wimpern)
[2025-12-01T15:19:27.918Z] ℹ️ WhatsApp-Reminder (24h vorher) liegt in der Vergangenheit, wird nicht geplant.
[2025-12-01T15:19:27.919Z] 📆 WhatsApp-Reminder (2h vorher) geplant für 2025-12-02T09:12:00.000Z (Booking 0b5af795-1a38-48b5-ab7e-84c391e9c3e9)
[2025-12-01T15:19:31.195Z] 📤 Mail gesendet an mmazur871@gmail.com: <31437b84-cf3d-9b17-4a53-cc1045bfb0be@gmail.com>
[2025-12-01T15:20:10.014Z] 🆕 Neuer Termin angelegt: aaaa (aaaa)
[2025-12-01T15:20:10.015Z] ℹ️ WhatsApp-Reminder (24h vorher) liegt in der Vergangenheit, wird nicht geplant.
[2025-12-01T15:20:10.015Z] ℹ️ WhatsApp-Reminder (2h vorher) liegt in der Vergangenheit, wird nicht geplant.
[2025-12-01T15:20:13.178Z] 📤 Mail gesendet an mmazur871@gmail.com: <5401a691-b395-faa1-e0bb-3f7a345e98f1@gmail.com>
[2025-12-01T15:20:27.148Z] 🗑️ Termin gelöscht: 63488f40-9f6d-4b0d-83c2-ee939c47e19f
[2025-12-01T15:50:30.083Z] ✅ Twilio WhatsApp initialisiert und bereit.
[2025-12-01T15:58:45.004Z] ✅ Twilio WhatsApp initialisiert und bereit.
[2025-12-01T16:04:45.935Z] ✅ Twilio WhatsApp initialisiert und bereit.
[2025-12-01T16:04:56.551Z] ✅ Twilio WhatsApp initialisiert und bereit.
[2025-12-01T16:05:22.292Z] ✅ Twilio WhatsApp initialisiert und bereit.
[2025-12-01T16:21:17.107Z] ✅ Twilio WhatsApp initialisiert und bereit.
[2025-12-01T16:28:41.670Z] ✅ Twilio WhatsApp initialisiert und bereit.
[2025-12-01T16:32:51.343Z] ✅ Twilio WhatsApp initialisiert und bereit.
[2025-12-01T16:37:50.062Z] ✅ Twilio WhatsApp initialisiert und bereit.
[2025-12-01T16:38:06.975Z] 🗑️ Termin gelöscht: a6bedae7-b735-46e6-9130-b6a855fc4bab
[2025-12-01T16:38:08.451Z] 🗑️ Termin gelöscht: 0b5af795-1a38-48b5-ab7e-84c391e9c3e9
[2025-12-01T16:38:40.213Z] 🆕 Neuer Termin angelegt: sasc (ddd)
[2025-12-01T16:38:40.236Z] ℹ️ WhatsApp-Reminder (24h vorher) liegt in der Vergangenheit, wird nicht geplant.
[2025-12-01T16:38:40.237Z] ℹ️ WhatsApp-Reminder (2h vorher) liegt in der Vergangenheit, wird nicht geplant.
[2025-12-01T16:38:44.062Z] 📤 Mail gesendet an mmazur871@gmail.com: <f06c8dd7-4237-ecb7-1323-4d3b9445649e@gmail.com>
[2025-12-01T16:41:41.630Z] 🗑️ Termin gelöscht: c6ce4547-fb6f-497e-aa12-97fe278503a2
[2025-12-01T16:42:11.322Z] 🆕 Neuer Termin angelegt: Anna (wimpern)
[2025-12-01T16:42:11.324Z] ℹ️ WhatsApp-Reminder (24h vorher) liegt in der Vergangenheit, wird nicht geplant.
[2025-12-01T16:42:11.327Z] 📆 WhatsApp-Reminder (2h vorher) geplant für 2025-12-02T09:12:00.000Z (Booking 5d8ac1e4-3020-4e49-a59d-770672ce66bb)
[2025-12-01T16:42:11.886Z] 📲 WhatsApp-Message gesendet an whatsapp:+89364863: SMe43fb8b69f02bc1fd3a543b7a1d988c3
[2025-12-01T16:42:14.958Z] 📤 Mail gesendet an mmazur871@gmail.com: <1e6d8e74-4a3a-81b2-7eb8-f9d633838852@gmail.com>
[2025-12-01T16:42:28.277Z] 🗑️ Termin gelöscht: 5d8ac1e4-3020-4e49-a59d-770672ce66bb
[2025-12-01T16:48:30.374Z] ✅ Twilio WhatsApp initialisiert und bereit.
[2025-12-01T16:49:11.931Z] 🆕 Neuer Termin angelegt: anna (d)
[2025-12-01T16:49:11.954Z] 📆 WhatsApp-Reminder (24h vorher) geplant für 2025-12-24T11:12:00.000Z (Booking 2955c859-fad6-4579-a53d-28189af76cef)
[2025-12-01T16:49:11.955Z] 📆 WhatsApp-Reminder (2h vorher) geplant für 2025-12-25T09:12:00.000Z (Booking 2955c859-fad6-4579-a53d-28189af76cef)
[2025-12-01T16:49:15.754Z] 📤 Mail gesendet an mmazur871@gmail.com: <a5f90305-09b1-7f47-c36a-b554d088533f@gmail.com>
[2025-12-01T16:49:35.890Z] 📆 Termin verschoben: 2955c859-fad6-4579-a53d-28189af76cef → 2026-01-12T13:00:00.000Z (Mitarbeiter: f9a57e20-f496-4606-89e5-bc4e2c6240fb)
[2025-12-01T16:49:39.150Z] 🗑️ Termin gelöscht: 2955c859-fad6-4579-a53d-28189af76cef
[2025-12-01T16:52:24.201Z] ✅ Twilio WhatsApp initialisiert und bereit.
[2025-12-01T16:58:45.107Z] ✅ Twilio WhatsApp initialisiert und bereit.
[2025-12-01T17:00:31.781Z] ✅ Twilio WhatsApp initialisiert und bereit.
[2025-12-01T17:02:09.564Z] ✅ Twilio WhatsApp initialisiert und bereit.
[2025-12-01T17:07:33.064Z] ✅ Twilio WhatsApp initialisiert und bereit.
[2025-12-01T17:11:36.812Z] ✅ Twilio WhatsApp initialisiert und bereit.
[2025-12-01T17:12:24.684Z] 🆕 Neuer Termin angelegt: anna (wimpern)
[2025-12-01T17:12:24.730Z] 📆 WhatsApp-Reminder (24h vorher) geplant für 2026-12-11T11:12:00.000Z (Booking e58adfa4-580c-4b77-914c-0af5346da25c)
[2025-12-01T17:12:24.731Z] 📆 WhatsApp-Reminder (2h vorher) geplant für 2026-12-12T09:12:00.000Z (Booking e58adfa4-580c-4b77-914c-0af5346da25c)
[2025-12-01T17:12:29.513Z] 📤 Mail gesendet an mmazur871@gmail.com: <29e5b440-b98a-ea4f-829f-f9490b818c61@gmail.com>
[2025-12-01T17:12:36.435Z] 🗑️ Termin gelöscht: e58adfa4-580c-4b77-914c-0af5346da25c
[2025-12-01T17:13:13.622Z] 🆕 Neuer Termin angelegt: markus (wimpern)
[2025-12-01T17:13:13.624Z] 📆 WhatsApp-Reminder (24h vorher) geplant für 2026-12-11T11:12:00.000Z (Booking c094e2b1-ce98-4b1b-be11-63bfc0681238)
[2025-12-01T17:13:13.625Z] 📆 WhatsApp-Reminder (2h vorher) geplant für 2026-12-12T09:12:00.000Z (Booking c094e2b1-ce98-4b1b-be11-63bfc0681238)
[2025-12-01T17:13:14.125Z] 📲 WhatsApp-Message gesendet an whatsapp:+491777875051: SM029ae04904939a556d376fd5d3329f06
[2025-12-01T17:13:17.386Z] 📤 Mail gesendet an mmazur871@gmail.com: <493da360-4093-6384-707f-a886d2d1ee5f@gmail.com>
[2025-12-01T17:18:12.981Z] 🆕 Neuer Termin angelegt: anna (wimpern)
[2025-12-01T17:18:12.984Z] 📆 WhatsApp-Reminder (24h vorher) geplant für 2026-12-13T11:12:00.000Z (Booking 9010fd4d-fcb6-4888-8d35-126638b5acd0)
[2025-12-01T17:18:12.985Z] 📆 WhatsApp-Reminder (2h vorher) geplant für 2026-12-14T09:12:00.000Z (Booking 9010fd4d-fcb6-4888-8d35-126638b5acd0)
[2025-12-01T17:18:17.676Z] 📤 Mail gesendet an mmazur871@gmail.com: <7985aff1-33fb-a97f-56aa-d2f70ac62f16@gmail.com>
[2025-12-01T17:19:21.560Z] 🗑️ Termin gelöscht: 9010fd4d-fcb6-4888-8d35-126638b5acd0
[2025-12-01T17:19:23.250Z] 🗑️ Termin gelöscht: c094e2b1-ce98-4b1b-be11-63bfc0681238
[2025-12-01T17:22:47.472Z] ✅ Twilio WhatsApp initialisiert und bereit.
[2025-12-01T17:22:57.723Z] 🗑️ Termin gelöscht: 9187b4ae-8fe5-4d16-8f32-fec3df8a3ba3
[2025-12-01T17:23:00.362Z] 🗑️ Termin gelöscht: be61cb41-d69a-4ab8-89a5-60706187cdb6
[2025-12-01T17:23:19.348Z] 🆕 Neuer Termin angelegt: anna (wimpern)
[2025-12-01T17:23:19.396Z] 📆 WhatsApp-Reminder (24h vorher) geplant für 2026-12-11T11:12:00.000Z (Booking 5cf720c5-dae4-4bdb-a3fd-6fa7f4250cc5)
[2025-12-01T17:23:19.397Z] 📆 WhatsApp-Reminder (2h vorher) geplant für 2026-12-12T09:12:00.000Z (Booking 5cf720c5-dae4-4bdb-a3fd-6fa7f4250cc5)
[2025-12-01T17:23:23.442Z] 📤 Mail gesendet an mmazur871@gmail.com: <8a6ae3a9-cf34-898c-4435-e2cbc7c08660@gmail.com>
[2025-12-01T17:23:27.402Z] 🗑️ Termin gelöscht: 5cf720c5-dae4-4bdb-a3fd-6fa7f4250cc5
[2025-12-02T16:35:54.762Z] ✅ Twilio WhatsApp initialisiert und bereit.
[2025-12-02T16:36:39.633Z] 🗑️ Termin gelöscht: 9e27ff2c-b11d-4c9b-b2fe-16ed517c2cac
[2025-12-02T18:30:46.852Z] ✅ Twilio WhatsApp initialisiert und bereit.
[2025-12-02T18:31:33.189Z] 🗑️ Termin gelöscht: da3645f0-8072-4330-9649-b842380b81fc
[2025-12-02T18:54:20.760Z] ✅ Twilio WhatsApp initialisiert und bereit.
[2025-12-04T09:35:31.030Z] ✅ Twilio WhatsApp initialisiert und bereit.
[2025-12-05T15:21:10.646Z] ✅ Twilio WhatsApp initialisiert und bereit.
[2025-12-06T08:04:40.735Z] ✅ Twilio WhatsApp initialisiert und bereit.
[2025-12-06T09:06:35.829Z] 🗑️ Termin gelöscht: 800ee15b-acf1-406c-8b15-902244076493
[2025-12-14T06:52:37.931Z] ✅ Twilio WhatsApp initialisiert und bereit.
[2025-12-14T08:25:16.108Z] ✅ Twilio WhatsApp initialisiert und bereit.
[2025-12-14T08:35:17.347Z] ✅ Twilio WhatsApp initialisiert und bereit.
[2025-12-14T08:42:56.602Z] ✅ Twilio WhatsApp initialisiert und bereit.
[2025-12-14T08:52:29.798Z] ✅ Twilio WhatsApp initialisiert und bereit.
[2025-12-14T09:06:35.234Z] ✅ Twilio WhatsApp initialisiert und bereit.
[2025-12-14T09:19:24.332Z] ✅ Twilio WhatsApp initialisiert und bereit.
[2025-12-14T09:29:10.999Z] ✅ Twilio WhatsApp initialisiert und bereit.
[2025-12-14T09:44:01.011Z] ✅ Twilio WhatsApp initialisiert und bereit.
[2025-12-14T09:59:33.121Z] ✅ Twilio WhatsApp initialisiert und bereit.
[2025-12-14T10:10:06.207Z] ✅ Twilio WhatsApp initialisiert und bereit.
[2025-12-14T10:14:15.727Z] ✅ Twilio WhatsApp initialisiert und bereit.
[2025-12-14T13:16:04.779Z] ✅ Twilio WhatsApp initialisiert und bereit.
[2025-12-15T17:55:17.875Z] ✅ Twilio WhatsApp initialisiert und bereit.
[2025-12-16T19:54:43.893Z] ✅ Twilio WhatsApp initialisiert und bereit.
[2025-12-19T07:44:56.718Z] ✅ Twilio WhatsApp initialisiert und bereit.
[2025-12-19T07:57:30.454Z] ✅ Twilio WhatsApp initialisiert und bereit.
[2025-12-19T07:57:56.562Z] 📝 To-Do angelegt: cdewc (15a22aab-df37-426e-b4bc-11fb5139c92a)
[2025-12-19T07:57:58.759Z] 🗑️ To-Do gelöscht: 15a22aab-df37-426e-b4bc-11fb5139c92a
[2025-12-19T07:58:04.171Z] 🗑️ Termin gelöscht: 94034200-6b20-4b53-8847-bc52a7ee2ac0
[2025-12-19T08:11:37.916Z] 🗑️ Termin gelöscht: 0dc02cbe-12c7-4643-944b-e592f733b280
[2025-12-19T08:11:39.481Z] 🗑️ Termin gelöscht: 1167ebc6-398f-4847-ab93-97464522c8db
[2025-12-19T08:11:41.225Z] 🗑️ Termin gelöscht: ec8d3f13-0ec8-4901-b93b-555e4da26484
[2025-12-21T14:21:13.625Z] ✅ Twilio WhatsApp initialisiert und bereit.
[2025-12-21T14:59:43.734Z] ✅ Twilio WhatsApp initialisiert und bereit.
[2025-12-21T15:01:10.535Z] 🆕 Neuer Termin angelegt: anna (Gesichtsbehandlung)
[2025-12-21T15:01:10.565Z] ℹ️ WhatsApp-Reminder (24h vorher) liegt in der Vergangenheit, wird nicht geplant.
[2025-12-21T15:01:10.571Z] 📆 WhatsApp-Reminder (2h vorher) geplant für 2025-12-22T07:00:00.000Z (Booking 9f45cc71-422f-4322-8ede-16dae7355df9)
[2025-12-21T15:01:11.487Z] 📲 WhatsApp-Message gesendet an whatsapp:+42354543: SM566d9051ffb708fc084c89ecec6acc2b
[2025-12-21T15:01:14.657Z] 📤 Mail gesendet an mmazur871@gmail.com: <a9e6b426-6eca-5be3-a83f-8fffd7333b51@gmail.com>
[2025-12-21T16:11:49.732Z] 🗑️ Termin gelöscht: 9f45cc71-422f-4322-8ede-16dae7355df9
[2025-12-21T16:12:11.178Z] 🗑️ Termin gelöscht: fe087629-27f6-4484-8347-1daf1adc0a22
[2025-12-21T16:13:30.838Z] 🗑️ Termin gelöscht: 39364acf-627d-4f08-9b83-c6abfb712dc6
[2025-12-21T16:14:34.675Z] 🆕 Neuer Termin angelegt: anna (Gesichtsbehandlung)
[2025-12-21T16:14:34.677Z] ℹ️ WhatsApp-Reminder (24h vorher) liegt in der Vergangenheit, wird nicht geplant.
[2025-12-21T16:14:34.679Z] 📆 WhatsApp-Reminder (2h vorher) geplant für 2025-12-22T07:00:00.000Z (Booking fe58b23a-fa2f-437c-8acf-c32480c4be63)
[2025-12-21T16:14:38.573Z] 📤 Mail gesendet an mmazur871@gmail.com: <06efa06e-6da6-23c5-2859-524443cfd66c@gmail.com>
[2025-12-21T16:17:02.983Z] ✅ Twilio WhatsApp initialisiert und bereit.
[2025-12-21T16:19:34.287Z] 🗑️ Termin gelöscht: fe58b23a-fa2f-437c-8acf-c32480c4be63
[2025-12-21T18:00:15.762Z] ✅ Twilio WhatsApp initialisiert und bereit.
[2025-12-21T18:00:41.792Z] 🗑️ Termin gelöscht: fb89b3ba-847d-4590-812e-59bb5b225364
[2025-12-21T18:00:44.758Z] 🗑️ Termin gelöscht: bf75830c-d806-4b22-9388-5f3614602468
[2025-12-21T18:02:46.338Z] 🆕 Neuer Termin angelegt: anna (gesichtsbehandlung)
[2025-12-21T18:02:46.371Z] ℹ️ WhatsApp-Reminder (24h vorher) liegt in der Vergangenheit, wird nicht geplant.
[2025-12-21T18:02:46.376Z] 📆 WhatsApp-Reminder (2h vorher) geplant für 2025-12-22T07:00:00.000Z (Booking 5320442c-9391-41e8-a822-be78fca32f62)
[2025-12-21T18:05:11.003Z] 🗑️ Termin gelöscht: 5320442c-9391-41e8-a822-be78fca32f62
[2025-12-21T18:20:52.928Z] ✅ Twilio WhatsApp initialisiert und bereit.
[2025-12-21T18:38:56.656Z] ✅ Twilio WhatsApp initialisiert und bereit.
[2025-12-21T18:39:06.339Z] 🗑️ Termin gelöscht: 4cab68e1-0920-4d20-8be7-37b64e940891
[2025-12-21T18:39:21.915Z] 🗑️ Termin gelöscht: c944022e-1cc4-435e-9fbf-da738a603316
[2025-12-21T18:49:19.059Z] ✅ Twilio WhatsApp initialisiert und bereit.
[2025-12-23T08:20:06.699Z] 🗑️ Termin gelöscht: 49819272-23d3-4798-bce6-3a97660dee27
[2025-12-23T08:55:47.574Z] ✅ Twilio WhatsApp initialisiert und bereit.
[2025-12-23T09:01:04.523Z] 📆 Termin verschoben: 5ea5317b-c2ea-499e-a78c-600e9d78d445 → 2025-12-25T11:00:00.000Z (Mitarbeiter: null)
[2025-12-23T09:14:19.830Z] ✅ Twilio WhatsApp initialisiert und bereit.
[2025-12-23T09:14:43.894Z] 🗑️ Termin gelöscht: 5ea5317b-c2ea-499e-a78c-600e9d78d445
[2025-12-23T09:15:30.079Z] 🗑️ Termin gelöscht: 14ac7cfd-436e-4c5e-857a-6f292861a77a
[2025-12-23T09:15:31.814Z] 🗑️ Termin gelöscht: 863f0a68-51a3-4bc5-a8be-095591ff0674
[2025-12-23T09:15:33.342Z] 🗑️ Termin gelöscht: 46aa5593-cd6b-423f-83c1-fb2cd992b5c6
[2025-12-23T09:15:34.771Z] 🗑️ Termin gelöscht: 326b6bc6-b851-4da4-b60a-847a1709cb21
[2025-12-23T09:16:04.049Z] 🆕 Neuer Termin angelegt: anna (Gesichtbehandlung)
[2025-12-23T09:16:04.071Z] ℹ️ WhatsApp-Reminder (24h vorher) liegt in der Vergangenheit, wird nicht geplant.
[2025-12-23T09:16:04.071Z] ℹ️ WhatsApp-Reminder (2h vorher) liegt in der Vergangenheit, wird nicht geplant.
[2025-12-23T09:16:06.346Z] 📤 Mail gesendet an mmazur871@gmail.com: <060baa87-be3e-8044-5ae8-354b0701c018@gmail.com>
[2025-12-23T09:24:35.524Z] ✅ Twilio WhatsApp initialisiert und bereit.
[2025-12-23T09:28:13.096Z] ✅ Twilio WhatsApp initialisiert und bereit.
[2025-12-23T09:33:10.819Z] 🗑️ Termin gelöscht: 8d77e509-1441-47e3-b823-e98291a52673
[2025-12-23T10:00:01.015Z] ✅ Twilio WhatsApp initialisiert und bereit.
[2025-12-23T10:01:55.609Z] 📆 Termin verschoben: b2ddfd2c-4ed1-47e1-9229-50165de971bc → 2025-12-23T15:00:00.000Z (Mitarbeiter: null)
[2025-12-23T12:58:15.707Z] 🗑️ Termin gelöscht: 6def0202-b0a1-4cc4-b681-fd43a10e506d
[2025-12-23T12:58:17.226Z] 🗑️ Termin gelöscht: cb18d134-722a-48e9-b632-3d86d63dd664
[2025-12-23T12:58:18.846Z] 🗑️ Termin gelöscht: cea79af6-b75d-4437-9474-77265e28d063
[2025-12-23T12:58:20.662Z] 🗑️ Termin gelöscht: 77464140-8506-4f0c-a1a3-b4ce7d76d7d2
[2025-12-23T12:58:23.215Z] 🗑️ Termin gelöscht: b2ddfd2c-4ed1-47e1-9229-50165de971bc
[2025-12-23T12:58:25.053Z] 🗑️ Termin gelöscht: a15375ed-b4cd-4e73-a542-fc678a958f34
[2025-12-23T12:58:26.552Z] 🗑️ Termin gelöscht: 19a36c52-929f-4ba4-89fd-79e3332fbfed
[2025-12-23T12:58:28.186Z] 🗑️ Termin gelöscht: 4f2459ff-48e6-4099-9fe6-0b69a62d8977
[2025-12-23T12:58:29.801Z] 🗑️ Termin gelöscht: 56154954-51c7-4c80-8e1f-02cc8fa449a7
[2025-12-23T12:58:31.948Z] 🗑️ Termin gelöscht: cd78e7ee-9006-435b-a555-ed18a2ea8f78
[2025-12-23T12:59:24.246Z] 🆕 Neuer Termin angelegt: anna (Gesichtsbehandlkung)
[2025-12-23T12:59:24.281Z] ℹ️ WhatsApp-Reminder (24h vorher) liegt in der Vergangenheit, wird nicht geplant.
[2025-12-23T12:59:24.292Z] 📆 WhatsApp-Reminder (2h vorher) geplant für 2025-12-23T13:00:00.000Z (Booking d9461efb-1800-4e79-998c-49a773970953)
[2025-12-23T12:59:25.183Z] 📲 WhatsApp-Message gesendet an whatsapp:+49177787051: SMe43a3ab74a7c9242995e62c2fc58769d
[2025-12-23T12:59:26.967Z] 📤 Mail gesendet an mmazur871@gmail.com: <5c4e88bd-20d6-ae33-d78d-3ed281d4ad53@gmail.com>
[2025-12-23T13:29:05.379Z] ✅ Twilio WhatsApp initialisiert und bereit.
[2025-12-24T04:52:00.217Z] ✅ Twilio WhatsApp initialisiert und bereit.
[2025-12-24T10:05:37.038Z] 📆 Termin verschoben: d9461efb-1800-4e79-998c-49a773970953 → 2025-12-05T11:00:00.000Z (Mitarbeiter: 4cb28944-392a-41a9-9ca2-fe7fdc7ecd7e)
[2025-12-29T08:52:43.337Z] ✅ Twilio WhatsApp initialisiert und bereit.
[2025-12-29T11:04:22.274Z] ✅ Twilio WhatsApp initialisiert und bereit.
[2025-12-29T11:09:07.438Z] 🗑️ Termin gelöscht: d9461efb-1800-4e79-998c-49a773970953
[2025-12-29T11:14:15.885Z] 🗑️ Termin gelöscht: 6d176fbe-dc25-419d-9346-8769f2863cc1
[2025-12-29T11:14:17.653Z] 🗑️ Termin gelöscht: 695dc33a-6736-4752-b336-72fbc849fb91
[2025-12-29T11:14:19.545Z] 🗑️ Termin gelöscht: 95ac7846-f56f-4416-b241-1e74a0f820ef
[2025-12-29T11:14:21.082Z] 🗑️ Termin gelöscht: 4ea160e1-9764-4631-b458-4fc48563615b
[2025-12-29T11:14:25.693Z] 🗑️ Termin gelöscht: a3111502-82f5-4476-b46c-88abfa920ea1
[2025-12-29T11:14:26.985Z] 🗑️ Termin gelöscht: 654d8b58-0904-4f6f-8628-f7b48c42599b
[2025-12-29T11:14:28.475Z] 🗑️ Termin gelöscht: 100ba66e-1e10-4ca2-811b-b859a4f90719
[2025-12-29T11:14:30.533Z] 🗑️ Termin gelöscht: 70ff7999-746a-4138-beba-7ea4d3aef188
[2025-12-29T12:01:12.565Z] 🆕 Neuer Termin angelegt: M (Wimpernlifting)
[2025-12-29T12:01:12.568Z] ℹ️ WhatsApp-Reminder (24h vorher) liegt in der Vergangenheit, wird nicht geplant.
[2025-12-29T12:01:12.573Z] 📆 WhatsApp-Reminder (2h vorher) geplant für 2025-12-29T13:30:00.000Z (Booking 9bbd6d84-bfa5-48de-afa2-cb359912a92b)
[2025-12-29T12:01:13.495Z] 📲 WhatsApp-Message gesendet an whatsapp:+491777875051: SMcb94d86f453a1f73719f94a4d75f386a
[2025-12-29T12:01:15.540Z] 📤 Mail gesendet an mmazur871@gmail.com: <26e8bf21-5b7f-1f46-6fbf-3bbdf7ad7063@gmail.com>
[2025-12-29T12:03:04.258Z] 🆕 Neuer Termin angelegt: marko (Wimpernlifting)
[2025-12-29T12:03:04.259Z] ℹ️ WhatsApp-Reminder (24h vorher) liegt in der Vergangenheit, wird nicht geplant.
[2025-12-29T12:03:04.259Z] ℹ️ WhatsApp-Reminder (2h vorher) liegt in der Vergangenheit, wird nicht geplant.
[2025-12-29T12:03:04.732Z] 📲 WhatsApp-Message gesendet an whatsapp:+491777875433: SM0671df397c87f258afcdc8b212d1c74a
[2025-12-29T12:03:06.574Z] 📤 Mail gesendet an mmazur871@gmail.com: <3b91914f-f432-6a4f-be7b-1baa1f6f8c03@gmail.com>
[2025-12-29T15:12:15.157Z] 🗑️ Termin gelöscht: 8f8e5d78-d1d5-43f1-a376-ff6a7dc84e88
[2025-12-29T15:12:16.710Z] 🗑️ Termin gelöscht: 9bbd6d84-bfa5-48de-afa2-cb359912a92b
[2025-12-29T15:12:18.220Z] 🗑️ Termin gelöscht: b9e243e4-27e7-4909-beea-3ef9399fc4d4
[2025-12-30T15:44:03.300Z] ✅ Twilio WhatsApp initialisiert und bereit.
[2025-12-30T16:17:12.473Z] ✅ Twilio WhatsApp initialisiert und bereit.
[2025-12-30T16:27:51.185Z] ✅ Twilio WhatsApp initialisiert und bereit.
[2025-12-30T17:36:26.525Z] 🗑️ Termin gelöscht: 16a38811-ee37-46f4-aef2-cfd55f864588
[2026-01-03T07:03:41.338Z] ✅ Twilio WhatsApp initialisiert und bereit.
[2026-01-03T12:44:01.685Z] ✅ Twilio WhatsApp initialisiert und bereit.
[2026-01-03T13:43:01.596Z] ✅ Twilio WhatsApp initialisiert und bereit.
[2026-01-03T13:48:01.744Z] ✅ Twilio WhatsApp initialisiert und bereit.
[2026-01-03T14:35:10.014Z] ✅ Twilio WhatsApp initialisiert und bereit.
[2026-01-03T14:53:26.129Z] ✅ Twilio WhatsApp initialisiert und bereit.
[2026-01-03T15:05:49.451Z] 🗑️ Termin gelöscht: 26031bba-2b33-4d6c-9237-b9a09f8ef81e
[2026-01-03T15:05:54.337Z] 🗑️ Termin gelöscht: 96a2e51e-b920-4394-90cd-4abb22cc9f28
[2026-01-03T16:17:40.704Z] ✅ Twilio WhatsApp initialisiert und bereit.
[2026-01-03T16:30:27.964Z] ✅ Twilio WhatsApp initialisiert und bereit.
[2026-01-03T16:37:35.747Z] ✅ Twilio WhatsApp initialisiert und bereit.
[2026-01-03T16:44:55.468Z] ✅ Twilio WhatsApp initialisiert und bereit.
[2026-01-06T08:43:49.082Z] ✅ Twilio WhatsApp initialisiert und bereit.
[2026-01-06T08:46:18.768Z] ✅ Twilio WhatsApp initialisiert und bereit.
[2026-01-06T08:58:33.383Z] ✅ Twilio WhatsApp initialisiert und bereit.
[2026-01-06T09:05:12.954Z] ✅ Twilio WhatsApp initialisiert und bereit.
[2026-01-06T09:19:06.522Z] ✅ Twilio WhatsApp initialisiert und bereit.
[2026-01-06T09:35:29.978Z] ✅ Twilio WhatsApp initialisiert und bereit.
[2026-01-06T09:37:40.421Z] ✅ Twilio WhatsApp initialisiert und bereit.
[2026-01-06T09:55:17.221Z] ℹ️ Twilio WhatsApp nicht aktiv (ENABLE_WHATSAPP != true oder Credentials fehlen).
[2026-01-06T10:11:24.224Z] ✅ Twilio WhatsApp AKTIV (ENABLE_TWILIO_WHATSAPP=true)
[2026-01-06T10:14:42.622Z] 📲 WhatsApp-Message gesendet an whatsapp:+491777875051: SMc5e847e463c3de00d01f405c98ee588f
[2026-01-06T10:45:10.643Z] 🆕 Neuer Termin angelegt: Markus (Wimpernlifting)
[2026-01-06T10:45:10.666Z] ℹ️ WhatsApp-Reminder (24h vorher) liegt in der Vergangenheit, wird nicht geplant.
[2026-01-06T10:45:10.667Z] ℹ️ WhatsApp-Reminder (2h vorher) liegt in der Vergangenheit, wird nicht geplant.
[2026-01-06T10:45:11.216Z] 📲 WhatsApp-Message gesendet an whatsapp:+491777875051: SMf9c2d0108762b0139c57dec905f50a48
[2026-01-06T10:45:13.060Z] 📤 Mail gesendet an mmazur871@gmail.com: <870ea725-b0f3-a618-6d3c-9d37564f66f7@gmail.com>
[2026-01-07T11:14:49.136Z] ✅ Twilio WhatsApp AKTIV
[2026-01-07T11:21:27.492Z] 📲 WhatsApp gesendet an whatsapp:+491771234567: SMd4997a0c314f0ea6bb114f6583fb2108
[2026-01-07T11:44:17.145Z] 🆕 Neuer Termin angelegt: Markus (Wimpernlifting)
[2026-01-07T11:44:17.172Z] 📆 WhatsApp Reminder 2h geplant (2026-01-07T12:00:00.000Z)
[2026-01-07T11:44:17.508Z] 📲 WhatsApp gesendet an whatsapp:+491777875051: SMb5d11e52bd0905751ecc640e08e2d406
[2026-01-07T11:44:19.139Z] 📤 Mail gesendet an mmazur871@gmail.com: <fe7a2349-d8e4-54b7-7eb1-cb3aa741f05a@gmail.com>
[2026-01-07T12:26:07.370Z] ✅ Twilio WhatsApp AKTIV
[2026-01-07T12:46:10.787Z] ✅ Twilio WhatsApp AKTIV
[2026-01-07T12:48:54.946Z] ✅ Twilio WhatsApp AKTIV
[2026-01-09T10:03:58.858Z] ✅ Twilio WhatsApp AKTIV
[2026-01-09T10:10:02.605Z] ✅ Twilio WhatsApp AKTIV
[2026-01-09T10:12:29.936Z] ✅ Twilio WhatsApp AKTIV
[2026-01-09T10:13:43.355Z] ✅ Twilio WhatsApp AKTIV
[2026-01-09T10:16:10.787Z] ✅ Twilio WhatsApp AKTIV
[2026-01-09T10:18:10.584Z] ✅ Twilio WhatsApp AKTIV
[2026-01-09T10:26:11.871Z] ✅ Twilio WhatsApp AKTIV
[2026-01-09T10:32:11.573Z] ✅ Twilio WhatsApp AKTIV
[2026-01-09T10:54:00.515Z] ✅ Twilio WhatsApp AKTIV
[2026-01-09T10:58:08.931Z] ✅ Twilio WhatsApp AKTIV
[2026-01-09T11:01:08.895Z] ✅ Twilio WhatsApp AKTIV
[2026-01-09T11:04:30.756Z] ✅ Twilio WhatsApp AKTIV
[2026-01-09T11:09:33.711Z] ✅ Twilio WhatsApp AKTIV
[2026-01-09T11:13:59.390Z] ✅ Twilio WhatsApp AKTIV
[2026-01-09T11:29:43.141Z] ✅ Twilio WhatsApp AKTIV
[2026-01-09T11:32:19.849Z] ✅ Twilio WhatsApp AKTIV
[2026-01-09T11:34:39.536Z] ✅ Twilio WhatsApp AKTIV
[2026-01-09T12:47:06.232Z] ✅ Twilio WhatsApp AKTIV
[2026-01-09T12:47:58.001Z] ✅ Twilio WhatsApp AKTIV
[2026-01-09T12:56:40.301Z] 🆕 Neuer Termin angelegt: maria (Wimpernlifting)
[2026-01-09T12:56:41.100Z] 📲 WhatsApp gesendet an whatsapp:+491647578975: SM1f7b27a93bc1985c13632654367b9c3a
[2026-01-09T12:56:42.940Z] 📤 Mail gesendet an mmazur871@gmail.com: <7e87dfee-7f8b-9f14-8d7a-0439691982a3@gmail.com>
[2026-01-09T13:03:54.848Z] 🆕 Neuer Termin angelegt: klaus (Wimpernlifting)
[2026-01-09T13:03:54.852Z] 📆 WhatsApp Reminder 2h geplant (2026-01-09T13:30:00.000Z)
[2026-01-09T13:03:55.483Z] 📲 WhatsApp gesendet an whatsapp:+49157557647: SMa15d3e303f3bb426b9a0020b1eb19a56
[2026-01-09T13:03:57.224Z] 📤 Mail gesendet an mmazur871@gmail.com: <8c52da57-a7d0-7d6e-d780-679f8dfa77ba@gmail.com>
[2026-01-10T07:41:28.097Z] ✅ Twilio WhatsApp AKTIV
[2026-01-10T08:00:25.963Z] ✅ Twilio WhatsApp AKTIV
[2026-01-10T08:15:00.444Z] ✅ Twilio WhatsApp AKTIV
[2026-01-10T08:16:22.886Z] 🗑️ Termin gelöscht: a5d335ad-6279-41b1-9aee-734eed0434f8
[2026-01-10T08:16:24.372Z] 🗑️ Termin gelöscht: b45dfc6f-3a65-4e98-b231-d8ec1466282c
[2026-01-10T08:16:25.924Z] 🗑️ Termin gelöscht: 688ff381-2074-4ebd-bbc4-656e6e8ecaa7
[2026-01-10T08:16:28.005Z] 🗑️ Termin gelöscht: 8c6add15-be38-433d-a8bc-9afc8c37cce8
[2026-01-10T08:16:29.688Z] 🗑️ Termin gelöscht: d161d898-c740-4816-83d4-37cf8dc71c8d
[2026-01-10T08:22:10.787Z] ✅ Twilio WhatsApp AKTIV
[2026-01-10T08:35:03.163Z] ✅ Twilio WhatsApp AKTIV
[2026-01-10T08:36:15.452Z] ✅ Twilio WhatsApp AKTIV
[2026-01-10T08:40:07.918Z] ✅ Twilio WhatsApp AKTIV
[2026-01-10T08:53:58.758Z] ✅ Twilio WhatsApp AKTIV
[2026-01-10T09:05:50.229Z] ✅ Twilio WhatsApp AKTIV
[2026-01-10T10:30:20.855Z] ✅ Twilio WhatsApp AKTIV
[2026-01-10T10:31:07.211Z] ❌ /api/employees [GET]: readEmployeesFromSupabase is not defined
[2026-01-10T10:31:17.895Z] ❌ /api/employees [GET]: readEmployeesFromSupabase is not defined
[2026-01-10T10:42:19.791Z] ✅ Twilio WhatsApp AKTIV
[2026-01-12T15:45:27.953Z] ✅ Twilio WhatsApp AKTIV
[2026-01-12T15:58:21.798Z] 🆕 Neuer Termin angelegt: tina (Wimpernlifting)
[2026-01-12T15:58:21.836Z] 📆 WhatsApp Reminder 24h geplant (2026-01-12T16:15:00.000Z)
[2026-01-12T15:58:21.837Z] 📆 WhatsApp Reminder 2h geplant (2026-01-13T14:15:00.000Z)
[2026-01-12T15:58:22.560Z] 📲 WhatsApp gesendet an whatsapp:+491764563245: SM2fa75d76c409ad7bd82a87a4c111ae1f
[2026-01-12T15:58:24.297Z] 📤 Mail gesendet an mmazur871@gmail.com: <3e8452b5-07c0-4ffb-9300-bebea9709cbc@gmail.com>
[2026-01-13T14:53:59.513Z] ✅ Twilio WhatsApp AKTIV
[2026-01-13T14:54:38.293Z] 🗑️ Termin gelöscht: 2f1384f5-4c0f-4735-af70-1d588b401dc0
[2026-01-13T15:11:42.496Z] ✅ Twilio WhatsApp AKTIV
[2026-01-13T15:25:58.660Z] 🆕 Neuer Termin angelegt: Melina (Wimpernlifting)
[2026-01-13T15:25:59.706Z] 📲 WhatsApp gesendet an whatsapp:+7654575434: SM80d9d6f63f5e207ce43b2f11792c89e4
[2026-01-13T15:26:01.751Z] 📤 Mail gesendet an mmazur871@gmail.com: <eb9d4a37-08a6-4337-22b8-9cf82a4b9a50@gmail.com>
[2026-01-13T15:59:41.265Z] ✅ Twilio WhatsApp AKTIV
[2026-01-13T16:15:42.755Z] ✅ Twilio WhatsApp AKTIV
[2026-01-13T16:16:07.440Z] ❌ /api/employees [GET]: getEmployeesUnified is not defined
[2026-01-13T16:16:15.396Z] ❌ /api/employees [GET]: getEmployeesUnified is not defined
[2026-01-13T16:20:18.172Z] ✅ Twilio WhatsApp AKTIV
[2026-01-13T16:48:10.483Z] ✅ Twilio WhatsApp AKTIV
[2026-01-13T16:58:46.435Z] ✅ Twilio WhatsApp AKTIV
[2026-01-13T17:25:53.291Z] ✅ Twilio WhatsApp AKTIV
[2026-01-13T17:30:12.113Z] ✅ Twilio WhatsApp AKTIV
[2026-01-13T17:34:07.048Z] ✅ Twilio WhatsApp AKTIV
[2026-01-13T17:39:28.264Z] ✅ Twilio WhatsApp AKTIV
[2026-01-13T17:42:02.313Z] ✅ Twilio WhatsApp AKTIV
[2026-01-13T17:47:38.330Z] ✅ Twilio WhatsApp AKTIV
[2026-01-14T16:28:06.112Z] ✅ Twilio WhatsApp AKTIV
[2026-01-14T16:38:08.047Z] ✅ Twilio WhatsApp AKTIV
[2026-01-14T17:02:57.144Z] ✅ Twilio WhatsApp AKTIV
[2026-01-14T17:17:45.952Z] ✅ Twilio WhatsApp AKTIV
[2026-01-14T17:41:05.620Z] ✅ Twilio WhatsApp AKTIV
[2026-01-14T17:48:36.385Z] ✅ Twilio WhatsApp AKTIV
[2026-01-14T18:03:14.784Z] ✅ Twilio WhatsApp AKTIV
[2026-01-14T18:08:42.377Z] ✅ Twilio WhatsApp AKTIV
[2026-01-14T18:17:49.908Z] ✅ Twilio WhatsApp AKTIV
[2026-01-14T18:27:17.487Z] ✅ Twilio WhatsApp AKTIV
[2026-01-14T18:33:51.868Z] ✅ Twilio WhatsApp AKTIV
[2026-01-14T18:39:58.929Z] 🗑️ Termin gelöscht: 2dfaf8b1-d4f4-438e-8df6-413564c9e3b3
[2026-01-14T18:44:23.543Z] ✅ Twilio WhatsApp AKTIV
[2026-01-15T12:16:53.870Z] ✅ Twilio WhatsApp AKTIV
[2026-01-15T12:19:17.621Z] 🆕 Neuer Termin angelegt: markus (Wimpernlifting)
[2026-01-15T12:19:20.483Z] 📤 Mail gesendet an mmazur871@gmail.com: <ca3ee536-aef0-3fd6-c995-8be8df9b28f7@gmail.com>
[2026-01-15T12:44:39.816Z] ✅ Twilio WhatsApp AKTIV
[2026-01-15T12:56:06.585Z] 🆕 Neuer Termin angelegt: swwww (Wimpernlifting)
[2026-01-15T12:56:06.609Z] 📆 WhatsApp Reminder 2h geplant (2026-01-15T13:30:00.000Z)
[2026-01-15T12:56:09.453Z] 📤 Mail gesendet an mmazur871@gmail.com: <3ef9e5e5-e81c-8801-996c-e99bc32b5d15@gmail.com>
[2026-01-15T15:07:35.774Z] ✅ Twilio WhatsApp AKTIV
[2026-01-15T15:18:13.813Z] ✅ Twilio WhatsApp AKTIV
[2026-01-16T10:43:54.236Z] ✅ Twilio WhatsApp AKTIV
[2026-01-16T11:23:56.705Z] ✅ Twilio WhatsApp AKTIV
[2026-01-16T12:18:22.537Z] ✅ Twilio WhatsApp AKTIV
[2026-01-16T14:13:41.259Z] ✅ Twilio WhatsApp AKTIV
[2026-01-16T14:13:53.003Z] ❌ /api/employees/read STACK: ReferenceError: isSupabaseEnabled is not defined
    at file:///C:/Users/mmazu/OneDrive/Desktop/kosmetik-agent/kosmetik-agent/Datein/server.js:1493:5
    at Layer.handle [as handle_request] (C:\Users\mmazu\OneDrive\Desktop\kosmetik-agent\kosmetik-agent\Datein\node_modules\express\lib\router\layer.js:95:5)
    at next (C:\Users\mmazu\OneDrive\Desktop\kosmetik-agent\kosmetik-agent\Datein\node_modules\express\lib\router\route.js:149:13)
    at authMiddleware (file:///C:/Users/mmazu/OneDrive/Desktop/kosmetik-agent/kosmetik-agent/Datein/core/auth.js:43:14)
    at Layer.handle [as handle_request] (C:\Users\mmazu\OneDrive\Desktop\kosmetik-agent\kosmetik-agent\Datein\node_modules\express\lib\router\layer.js:95:5)
    at next (C:\Users\mmazu\OneDrive\Desktop\kosmetik-agent\kosmetik-agent\Datein\node_modules\express\lib\router\route.js:149:13)
    at Route.dispatch (C:\Users\mmazu\OneDrive\Desktop\kosmetik-agent\kosmetik-agent\Datein\node_modules\express\lib\router\route.js:119:3)
    at Layer.handle [as handle_request] (C:\Users\mmazu\OneDrive\Desktop\kosmetik-agent\kosmetik-agent\Datein\node_modules\express\lib\router\layer.js:95:5)
    at C:\Users\mmazu\OneDrive\Desktop\kosmetik-agent\kosmetik-agent\Datein\node_modules\express\lib\router\index.js:284:15
    at Function.process_params (C:\Users\mmazu\OneDrive\Desktop\kosmetik-agent\kosmetik-agent\Datein\node_modules\express\lib\router\index.js:346:12)
    at next (C:\Users\mmazu\OneDrive\Desktop\kosmetik-agent\kosmetik-agent\Datein\node_modules\express\lib\router\index.js:280:10)
    at SendStream.error (C:\Users\mmazu\OneDrive\Desktop\kosmetik-agent\kosmetik-agent\Datein\node_modules\serve-static\index.js:121:7)
    at SendStream.emit (node:events:519:28)
    at SendStream.error (C:\Users\mmazu\OneDrive\Desktop\kosmetik-agent\kosmetik-agent\Datein\node_modules\send\index.js:270:17)
    at SendStream.onStatError (C:\Users\mmazu\OneDrive\Desktop\kosmetik-agent\kosmetik-agent\Datein\node_modules\send\index.js:417:12)
    at next (C:\Users\mmazu\OneDrive\Desktop\kosmetik-agent\kosmetik-agent\Datein\node_modules\send\index.js:730:16)
[2026-01-16T14:14:02.799Z] ❌ /api/employees/read STACK: ReferenceError: isSupabaseEnabled is not defined
    at file:///C:/Users/mmazu/OneDrive/Desktop/kosmetik-agent/kosmetik-agent/Datein/server.js:1493:5
    at Layer.handle [as handle_request] (C:\Users\mmazu\OneDrive\Desktop\kosmetik-agent\kosmetik-agent\Datein\node_modules\express\lib\router\layer.js:95:5)
    at next (C:\Users\mmazu\OneDrive\Desktop\kosmetik-agent\kosmetik-agent\Datein\node_modules\express\lib\router\route.js:149:13)
    at authMiddleware (file:///C:/Users/mmazu/OneDrive/Desktop/kosmetik-agent/kosmetik-agent/Datein/core/auth.js:43:14)
    at Layer.handle [as handle_request] (C:\Users\mmazu\OneDrive\Desktop\kosmetik-agent\kosmetik-agent\Datein\node_modules\express\lib\router\layer.js:95:5)
    at next (C:\Users\mmazu\OneDrive\Desktop\kosmetik-agent\kosmetik-agent\Datein\node_modules\express\lib\router\route.js:149:13)
    at Route.dispatch (C:\Users\mmazu\OneDrive\Desktop\kosmetik-agent\kosmetik-agent\Datein\node_modules\express\lib\router\route.js:119:3)
    at Layer.handle [as handle_request] (C:\Users\mmazu\OneDrive\Desktop\kosmetik-agent\kosmetik-agent\Datein\node_modules\express\lib\router\layer.js:95:5)
    at C:\Users\mmazu\OneDrive\Desktop\kosmetik-agent\kosmetik-agent\Datein\node_modules\express\lib\router\index.js:284:15
    at Function.process_params (C:\Users\mmazu\OneDrive\Desktop\kosmetik-agent\kosmetik-agent\Datein\node_modules\express\lib\router\index.js:346:12)
    at next (C:\Users\mmazu\OneDrive\Desktop\kosmetik-agent\kosmetik-agent\Datein\node_modules\express\lib\router\index.js:280:10)
    at SendStream.error (C:\Users\mmazu\OneDrive\Desktop\kosmetik-agent\kosmetik-agent\Datein\node_modules\serve-static\index.js:121:7)
    at SendStream.emit (node:events:519:28)
    at SendStream.error (C:\Users\mmazu\OneDrive\Desktop\kosmetik-agent\kosmetik-agent\Datein\node_modules\send\index.js:270:17)
    at SendStream.onStatError (C:\Users\mmazu\OneDrive\Desktop\kosmetik-agent\kosmetik-agent\Datein\node_modules\send\index.js:417:12)
    at next (C:\Users\mmazu\OneDrive\Desktop\kosmetik-agent\kosmetik-agent\Datein\node_modules\send\index.js:730:16)
[2026-01-16T14:29:17.282Z] ✅ Twilio WhatsApp AKTIV
[2026-01-16T14:40:21.212Z] ✅ Twilio WhatsApp AKTIV
[2026-01-16T15:08:40.502Z] ✅ Twilio WhatsApp AKTIV
[2026-01-16T15:19:00.253Z] ✅ Twilio WhatsApp AKTIV
[2026-01-16T15:28:10.024Z] ✅ Twilio WhatsApp AKTIV
[2026-01-16T15:35:16.244Z] ✅ Twilio WhatsApp AKTIV
[2026-01-16T15:39:50.964Z] ✅ Twilio WhatsApp AKTIV
[2026-01-16T15:59:09.840Z] ✅ Twilio WhatsApp AKTIV
[2026-01-19T10:59:28.083Z] ✅ Twilio WhatsApp AKTIV
[2026-01-19T11:20:51.445Z] ✅ Twilio WhatsApp AKTIV
[2026-01-19T11:31:04.997Z] ✅ Twilio WhatsApp AKTIV
[2026-01-19T11:35:07.472Z] ✅ Twilio WhatsApp AKTIV
[2026-01-19T11:43:13.664Z] ✅ Twilio WhatsApp AKTIV
[2026-01-19T11:48:08.655Z] ✅ Twilio WhatsApp AKTIV
[2026-01-19T11:52:37.202Z] ✅ Twilio WhatsApp AKTIV
[2026-01-19T11:59:11.248Z] ✅ Twilio WhatsApp AKTIV
[2026-01-19T12:23:19.286Z] ✅ Twilio WhatsApp AKTIV
[2026-01-19T12:45:58.710Z] ✅ Twilio WhatsApp AKTIV
[2026-01-19T13:03:03.249Z] ✅ Twilio WhatsApp AKTIV
[2026-01-19T13:10:34.715Z] ✅ Twilio WhatsApp AKTIV
[2026-01-19T13:19:16.413Z] ✅ Twilio WhatsApp AKTIV
[2026-01-19T13:32:40.472Z] ✅ Twilio WhatsApp AKTIV
[2026-01-19T13:50:32.906Z] ✅ Twilio WhatsApp AKTIV
[2026-01-19T14:13:05.580Z] ✅ Twilio WhatsApp AKTIV
[2026-01-19T14:51:45.077Z] ✅ Twilio WhatsApp AKTIV
[2026-01-20T07:43:41.304Z] ✅ Twilio WhatsApp AKTIV
[2026-01-20T08:44:50.105Z] ✅ Twilio WhatsApp AKTIV
[2026-01-20T09:00:15.597Z] ✅ Twilio WhatsApp AKTIV
[2026-01-20T09:57:34.972Z] ✅ Twilio WhatsApp AKTIV
[2026-01-20T10:15:17.990Z] ✅ Twilio WhatsApp AKTIV
[2026-01-20T10:20:46.531Z] ✅ Twilio WhatsApp AKTIV
[2026-01-20T10:25:43.341Z] ✅ Twilio WhatsApp AKTIV
[2026-01-20T10:31:05.432Z] ✅ Twilio WhatsApp AKTIV
[2026-01-20T10:32:23.056Z] ✅ Twilio WhatsApp AKTIV
[2026-01-20T10:40:33.485Z] ✅ Twilio WhatsApp AKTIV
[2026-01-20T10:42:37.477Z] ✅ Twilio WhatsApp AKTIV
[2026-01-20T10:44:35.701Z] ✅ Twilio WhatsApp AKTIV
[2026-01-20T10:48:33.311Z] ✅ Twilio WhatsApp AKTIV
[2026-01-20T10:53:17.719Z] ✅ Twilio WhatsApp AKTIV
[2026-01-20T10:55:35.196Z] ✅ Twilio WhatsApp AKTIV
[2026-01-20T10:56:47.892Z] ✅ Twilio WhatsApp AKTIV
[2026-01-20T11:15:54.586Z] ✅ Twilio WhatsApp AKTIV
[2026-01-20T11:22:28.069Z] ✅ Twilio WhatsApp AKTIV
[2026-01-20T11:25:06.639Z] ✅ Twilio WhatsApp AKTIV
[2026-01-20T11:27:14.356Z] ✅ Twilio WhatsApp AKTIV
[2026-01-20T11:54:20.504Z] ✅ Twilio WhatsApp AKTIV
[2026-01-20T11:56:00.145Z] ✅ Twilio WhatsApp AKTIV
[2026-01-20T11:59:55.130Z] ✅ Twilio WhatsApp AKTIV
[2026-01-20T12:07:43.066Z] ✅ Twilio WhatsApp AKTIV
[2026-01-20T12:10:33.525Z] ✅ Twilio WhatsApp AKTIV
[2026-01-20T12:16:53.379Z] ✅ Twilio WhatsApp AKTIV
[2026-01-20T12:38:56.109Z] ✅ Twilio WhatsApp AKTIV
[2026-01-20T12:46:17.414Z] ✅ Twilio WhatsApp AKTIV
[2026-01-20T12:56:26.842Z] ✅ Twilio WhatsApp AKTIV
[2026-01-20T13:03:08.162Z] ✅ Twilio WhatsApp AKTIV
[2026-01-20T13:05:17.995Z] ✅ Twilio WhatsApp AKTIV
[2026-01-20T13:12:59.256Z] ✅ Twilio WhatsApp AKTIV
[2026-01-20T13:13:07.170Z] ❌ /api/employees/:id [GET]: getEmployeeUnified is not defined
[2026-01-20T13:33:24.237Z] ✅ Twilio WhatsApp AKTIV
[2026-01-20T13:33:29.206Z] ❌ /api/employees/:id [GET]: getEmployeesUnified is not defined
[2026-01-20T13:38:51.299Z] ✅ Twilio WhatsApp AKTIV
[2026-01-20T13:38:56.175Z] ❌ /api/employees/:id [GET]: getEmployeesUnified is not defined
[2026-01-20T13:59:33.637Z] ✅ Twilio WhatsApp AKTIV
[2026-01-20T13:59:39.306Z] ❌ /api/employees/:id [GET]: getEmployeesUnified is not defined
[2026-01-20T14:00:58.727Z] ✅ Twilio WhatsApp AKTIV
[2026-01-20T14:01:07.221Z] ❌ /api/employees/:id [GET]: getEmployeesUnified is not defined
[2026-01-20T14:02:44.984Z] ❌ /api/employees [GET]: getEmployeesUnified is not defined
[2026-01-20T14:02:51.344Z] ❌ /api/employees/:id [GET]: getEmployeesUnified is not defined
[2026-01-20T14:15:12.426Z] ✅ Twilio WhatsApp AKTIV
[2026-01-20T14:21:44.507Z] ✅ Twilio WhatsApp AKTIV
[2026-01-20T14:28:53.402Z] ✅ Twilio WhatsApp AKTIV
[2026-01-20T14:41:58.768Z] ✅ Twilio WhatsApp AKTIV
[2026-01-20T14:45:38.246Z] ✅ Twilio WhatsApp AKTIV
[2026-01-20T14:54:11.768Z] ✅ Twilio WhatsApp AKTIV
[2026-01-20T14:58:17.930Z] ✅ Twilio WhatsApp AKTIV
[2026-01-20T22:45:31.100Z] ✅ Twilio WhatsApp AKTIV
[2026-01-21T12:18:19.414Z] ✅ Twilio WhatsApp AKTIV
[2026-01-21T12:29:45.571Z] 🆕 Neuer Termin angelegt: test (Wimpernlifting)
[2026-01-21T12:29:45.671Z] 📆 WhatsApp Reminder 2h geplant (2026-01-21T13:40:00.000Z)
[2026-01-21T12:29:46.588Z] 📲 WhatsApp gesendet an whatsapp:+45543333: SMe575c3c5628890ff01f07bb475125c8d
[2026-01-21T12:29:48.642Z] 📤 Mail gesendet an mmazur871@gmail.com: <cae818e9-e040-7a2b-c97b-322ef159ca31@gmail.com>
[2026-01-22T13:19:17.030Z] ✅ Twilio WhatsApp AKTIV
[2026-01-22T13:31:37.372Z] ✅ Twilio WhatsApp AKTIV
[2026-01-22T13:38:23.730Z] ✅ Twilio WhatsApp AKTIV
[2026-01-23T12:14:09.431Z] ✅ Twilio WhatsApp AKTIV
[2026-01-23T12:34:31.426Z] 🗑️ Termin gelöscht: 77e4c76d-68e5-416b-893b-781587ab548c
[2026-01-23T12:34:33.582Z] 🗑️ Termin gelöscht: 39577ad9-4661-4a36-ba4b-fb8cfa6b1c74
[2026-01-23T12:34:56.422Z] 📝 To-Do angelegt: dddd (38662475-602a-4ac6-8c44-9f874e6bdd8c)
[2026-01-23T12:34:58.626Z] 🗑️ To-Do gelöscht: 38662475-602a-4ac6-8c44-9f874e6bdd8c
[2026-01-23T14:18:09.843Z] ✅ Twilio WhatsApp AKTIV
[2026-01-23T14:29:38.911Z] 🆕 Neuer Termin angelegt: dddd (Wimpernlifting)
[2026-01-23T14:29:39.621Z] 📲 WhatsApp gesendet an whatsapp:+45665432: SM13b17f784ba5a6d303335d99dce2c98f
[2026-01-23T14:29:40.999Z] 📤 Mail gesendet an mmazur871@gmail.com: <11925176-7cca-6a37-2995-0fc7e0d7e670@gmail.com>
[2026-01-23T14:46:22.785Z] ✅ Twilio WhatsApp AKTIV
[2026-01-23T14:47:18.497Z] 🗑️ Termin gelöscht: 978730a1-ccef-40cf-84eb-32f3a4ec2416
[2026-01-23T14:47:19.846Z] 🗑️ Termin gelöscht: 28741d96-d7de-4da1-ab8f-37623cf9b8c9
[2026-01-23T14:47:21.717Z] 🗑️ Termin gelöscht: ab7182ea-731d-4108-80be-9e0af31e57ce
[2026-01-23T15:00:21.766Z] ✅ Twilio WhatsApp AKTIV
[2026-01-24T13:45:48.720Z] ✅ Twilio WhatsApp AKTIV
[2026-01-24T13:52:42.883Z] 🗑️ Termin gelöscht: 6a83cdb4-bc79-4f5b-b775-044c9b2f6c2f
[2026-01-24T14:01:07.275Z] 🗑️ Termin gelöscht: bd769616-9ada-4cbd-8a77-a85d970a3f88
[2026-01-24T14:08:41.575Z] 🆕 Admin-Termin angelegt: anna (wimpern)
[2026-01-24T14:08:43.406Z] 📤 Mail gesendet an mmazur871@gmail.com: <2d8a3a63-ff96-d9e2-2201-9542ba197ee9@gmail.com>
[2026-01-24T14:09:23.901Z] 🗑️ Termin gelöscht: 6596c821-57e4-4098-b24d-9fdcb9c861b9
[2026-01-24T14:09:25.708Z] 🗑️ Termin gelöscht: 2af81e7b-97c6-481e-9b21-20974b1caad1
[2026-01-24T14:09:27.317Z] 🗑️ Termin gelöscht: 7b8f73fb-fda7-4ebc-ba8c-f70a8578cee9
[2026-01-24T14:25:47.781Z] ✅ Twilio WhatsApp AKTIV
[2026-01-24T15:07:08.861Z] ✅ Twilio WhatsApp AKTIV
[2026-01-24T15:07:33.175Z] 🗑️ Termin gelöscht: 06f5240d-f3cc-491c-952a-1945ca880a08
[2026-01-24T15:18:38.755Z] ✅ Twilio WhatsApp AKTIV
[2026-01-24T15:34:20.215Z] ✅ Twilio WhatsApp AKTIV
[2026-01-24T15:34:53.338Z] 📤 Mail gesendet an mmazur871@gmail.com: <a3bda9db-6746-7190-f4f2-785d3303bea0@gmail.com>
[2026-01-24T15:39:29.530Z] ✅ Twilio WhatsApp AKTIV
[2026-01-24T15:48:41.262Z] ✅ Twilio WhatsApp AKTIV
[2026-01-24T16:00:10.502Z] ✅ Twilio WhatsApp AKTIV
[2026-01-24T16:00:55.451Z] 📲 WhatsApp gesendet an whatsapp:+491777875051: SMca18a5242cb04574b2ee022f49574b4b
[2026-01-24T16:00:55.457Z] 📆 WhatsApp Reminder 24h geplant (2026-01-27T15:00:00.000Z)
[2026-01-24T16:00:55.458Z] 📆 WhatsApp Reminder 2h geplant (2026-01-28T13:00:00.000Z)
[2026-01-24T16:00:57.109Z] 📤 Mail gesendet an mmazur871@gmail.com: <1e6807c3-6efb-16fb-ac7a-8e75039f5309@gmail.com>
[2026-01-24T16:02:05.871Z] 🗑️ Termin gelöscht: 773b5d1a-4ff0-4d30-a9fd-56c90b0c2d73
[2026-01-24T16:02:07.438Z] 🗑️ Termin gelöscht: 3ff90731-01de-42c7-b21d-7c5739a869b5
[2026-01-24T16:02:08.969Z] 🗑️ Termin gelöscht: 66a9ff76-eaca-4df0-a084-f2dbb77c9367
[2026-01-24T16:02:10.526Z] 🗑️ Termin gelöscht: 9163da9a-bcb7-4e1a-b889-dd31c9316530
[2026-01-24T16:02:12.894Z] 🗑️ Termin gelöscht: cbbfa296-762d-4015-998e-8fdaf3dea816
[2026-01-24T16:02:34.969Z] 🆕 Admin-Termin angelegt: aa (wimper)
[2026-01-24T16:02:36.591Z] 📤 Mail gesendet an mmazur871@gmail.com: <62c4b7e5-1c8a-716c-ca8e-55c4d7a61ae6@gmail.com>
[2026-01-24T16:02:39.639Z] 🗑️ Termin gelöscht: d8109aab-ba85-4f70-bba2-b49c1459ad30
[2026-01-25T18:33:17.360Z] 🗑️ Termin gelöscht: e566ea31-73d7-4ae7-a9b3-5469f18949fe
[2026-01-25T19:00:32.812Z] ✅ Twilio WhatsApp AKTIV
[2026-01-25T19:06:58.997Z] ✅ Twilio WhatsApp AKTIV
[2026-01-25T19:47:47.965Z] ✅ Twilio WhatsApp AKTIV
[2026-01-25T19:49:24.134Z] 📆 Termin verschoben: 7d9f3931-03ee-43b9-9a3b-869571ec0635 → 2026-01-26T15:00:00.000Z (Mitarbeiter: null)
[2026-01-25T19:49:52.400Z] 🆕 Admin-Termin angelegt: anna (Wimpern)
[2026-01-25T19:49:54.191Z] 📤 Mail gesendet an mmazur871@gmail.com: <c777aec8-4be6-bf90-11d9-1b10a31679e6@gmail.com>
[2026-01-25T19:49:57.792Z] 🗑️ Termin gelöscht: cc9256a1-3081-47d2-b519-234ecbdaba40
[2026-01-25T19:49:59.447Z] 🗑️ Termin gelöscht: fd2c23f5-63f3-499c-9d0e-99eb39ca6ada
[2026-01-25T19:50:01.450Z] 🗑️ Termin gelöscht: 7d9f3931-03ee-43b9-9a3b-869571ec0635
[2026-01-25T20:11:27.054Z] 🗑️ Termin gelöscht: fdf00ec3-86ab-4a8b-aee4-b7d16640f094
[2026-01-25T20:11:28.755Z] 🗑️ Termin gelöscht: edd7a3a8-7c5d-49b0-8965-278a774950c5
[2026-01-25T20:11:30.690Z] 🗑️ Termin gelöscht: ed12d773-cdae-47ca-a189-cf5b56cbd635
[2026-01-25T20:11:32.691Z] 🗑️ Termin gelöscht: bb3e8969-01a1-42b0-891a-ad2b0cca7ca0
[2026-01-25T20:11:34.304Z] 🗑️ Termin gelöscht: 6e99a859-16b3-496c-9478-ddfc75446ea8
[2026-01-25T20:11:35.749Z] 🗑️ Termin gelöscht: f18e1487-2c0f-4d38-84f7-96ba5d05590b
[2026-01-29T09:11:00.782Z] 🗑️ Termin gelöscht: 4343d720-683a-4ce4-89f4-a9acf8253465
[2026-01-29T09:11:02.283Z] 🗑️ Termin gelöscht: daad79cd-2f0f-44ad-9301-a6828ce5ef3e
[2026-01-29T09:11:10.147Z] 🗑️ Termin gelöscht: a131a2cb-10ee-47fa-a0d3-a03b2b6dea01
[2026-01-29T09:11:11.596Z] 🗑️ Termin gelöscht: 632249db-d91a-4bca-a266-52c9b94d0e90
[2026-01-29T09:11:13.139Z] 🗑️ Termin gelöscht: 8f874710-6ab2-4260-a1d4-e4476809cf11
[2026-01-29T09:11:14.579Z] 🗑️ Termin gelöscht: b5de4a01-e8d5-49be-9b2f-d573797e5140
[2026-01-29T09:11:16.476Z] 🗑️ Termin gelöscht: e1b43446-f767-4c72-a5a1-d48fec1b18e0
[2026-01-29T09:11:17.957Z] 🗑️ Termin gelöscht: 03b2ac0a-cb63-4ca7-8978-8c58db8033a1
[2026-01-29T09:11:19.490Z] 🗑️ Termin gelöscht: 36963e3d-261f-4b5f-a4c5-48509da09c34
[2026-01-29T09:11:20.969Z] 🗑️ Termin gelöscht: 0dca573b-ae3f-4435-bc44-3f20cf190947
[2026-01-29T09:11:22.628Z] 🗑️ Termin gelöscht: 0ad274de-c293-4581-9c5b-3eb805da0096
[2026-01-29T09:11:24.251Z] 🗑️ Termin gelöscht: 6bd84cdc-fe3a-4e70-8fcb-76f755362153
[2026-01-29T09:11:26.325Z] 🗑️ Termin gelöscht: a39ebe9b-6358-400d-9e47-bc3cf8782273
[2026-01-29T09:11:28.055Z] 🗑️ Termin gelöscht: d3583d61-c693-46ab-8a26-fb259331df36
[2026-01-29T09:50:55.090Z] 🗑️ Termin gelöscht: b903aaf3-2948-4f70-bb09-bd8d9f0e117b
[2026-01-29T09:50:57.251Z] 🗑️ Termin gelöscht: 39458eba-d7d3-4918-a41f-7b390072bf86
[2026-01-29T09:50:59.420Z] 🗑️ Termin gelöscht: fb08f494-433a-4eef-b859-cd95e55ca0ca
[2026-01-29T09:51:01.200Z] 🗑️ Termin gelöscht: e486131d-5470-4659-a7e8-6d352ef945c4
[2026-01-31T08:15:45.493Z] 🗑️ Termin gelöscht: a908a048-39f3-452a-bca3-1447f55f0280
[2026-01-31T08:15:47.233Z] 🗑️ Termin gelöscht: 4e0bfd6f-d48e-4adf-a9f4-be242180d2d8
[2026-01-31T09:01:33.961Z] 🗑️ Termin gelöscht: edf3bc9f-3daa-43fd-9765-0ab9794e4968
[2026-01-31T09:01:35.725Z] 🗑️ Termin gelöscht: f5442fb4-a2d2-4e44-a59c-5b1cceafb9da
[2026-01-31T09:01:37.341Z] 🗑️ Termin gelöscht: 088f42f0-34ce-4fdd-afb3-80ee24d934e3
[2026-01-31T09:01:40.797Z] 🗑️ Termin gelöscht: bb126451-8b29-4c86-8f98-445c094d1b2f
[2026-01-31T09:01:42.660Z] 🗑️ Termin gelöscht: 45842dfb-e8d1-40b5-86cc-8b08aa99622f
[2026-01-31T09:01:44.157Z] 🗑️ Termin gelöscht: 87a718da-fb23-4a3c-8cc7-7eca356d6b77
[2026-01-31T11:06:09.814Z] ✅ Twilio WhatsApp AKTIV
[2026-01-31T13:31:02.176Z] ✅ Twilio WhatsApp AKTIV
[2026-02-01T07:00:10.887Z] ✅ Twilio WhatsApp AKTIV
[2026-02-01T07:20:52.447Z] ✅ Twilio WhatsApp AKTIV
[2026-02-01T07:41:11.612Z] ✅ Twilio WhatsApp AKTIV
[2026-02-01T08:05:04.757Z] ✅ Twilio WhatsApp AKTIV
[2026-02-01T09:03:31.626Z] ✅ Twilio WhatsApp AKTIV
[2026-02-01T10:17:30.698Z] 📝 To-Do angelegt: ddfddd (fa149965-b29b-4716-a072-d8fe1e4e66ea)
[2026-02-01T10:17:32.274Z] 🗑️ To-Do gelöscht: fa149965-b29b-4716-a072-d8fe1e4e66ea
[2026-02-02T10:44:01.778Z] ✅ Twilio WhatsApp AKTIV
[2026-02-02T10:54:15.362Z] ✅ Twilio WhatsApp AKTIV
[2026-02-02T10:58:32.877Z] ✅ Twilio WhatsApp AKTIV
[2026-02-02T10:58:54.414Z] 🗑️ Termin gelöscht: 81dca721-0805-4426-b15a-147795e83857
[2026-02-02T10:58:55.963Z] 🗑️ Termin gelöscht: d1fc196d-dc17-458f-b071-0a7be23041fa
[2026-02-02T10:58:57.388Z] 🗑️ Termin gelöscht: fb0b724d-0cd6-4b71-8ec9-c5587d4f3422
[2026-02-02T12:13:28.641Z] ✅ Twilio WhatsApp AKTIV
[2026-02-02T12:29:50.356Z] ✅ Twilio WhatsApp AKTIV
[2026-02-02T14:16:25.366Z] ✅ Twilio WhatsApp AKTIV
[2026-02-03T08:44:48.131Z] ✅ Twilio WhatsApp AKTIV
[2026-02-03T08:59:16.675Z] ✅ Twilio WhatsApp AKTIV
[2026-02-03T09:29:58.081Z] ✅ Twilio WhatsApp AKTIV
[2026-02-03T10:04:53.008Z] ✅ Twilio WhatsApp AKTIV
[2026-02-03T10:44:09.081Z] ✅ Twilio WhatsApp AKTIV
[2026-02-03T10:53:36.144Z] ✅ Twilio WhatsApp AKTIV
[2026-02-03T10:55:31.673Z] ✅ Twilio WhatsApp AKTIV
[2026-02-03T11:05:09.621Z] ✅ Twilio WhatsApp AKTIV
[2026-02-03T11:09:20.330Z] ✅ Twilio WhatsApp AKTIV
[2026-02-03T11:35:47.724Z] ✅ Twilio WhatsApp AKTIV
[2026-02-03T14:09:29.657Z] ✅ Twilio WhatsApp AKTIV
[2026-02-03T14:16:46.225Z] ✅ Twilio WhatsApp AKTIV
[2026-02-04T10:45:38.467Z] ✅ Twilio WhatsApp AKTIV
[2026-02-04T11:13:01.679Z] ✅ Twilio WhatsApp AKTIV
[2026-02-04T11:25:44.319Z] ✅ Twilio WhatsApp AKTIV
[2026-02-04T11:41:15.105Z] ✅ Twilio WhatsApp AKTIV
[2026-02-04T12:02:12.746Z] ✅ Twilio WhatsApp AKTIV
[2026-02-05T08:52:47.604Z] ✅ Twilio WhatsApp AKTIV
[2026-02-05T09:01:21.803Z] ✅ Twilio WhatsApp AKTIV
[2026-02-05T09:15:46.281Z] ✅ Twilio WhatsApp AKTIV
[2026-02-05T09:36:03.590Z] ✅ Twilio WhatsApp AKTIV
[2026-02-05T09:48:55.648Z] ✅ Twilio WhatsApp AKTIV
[2026-02-05T10:37:15.858Z] ✅ Twilio WhatsApp AKTIV
[2026-02-06T09:08:03.618Z] ✅ Twilio WhatsApp AKTIV
[2026-02-06T09:10:56.694Z] 🗑️ Termin gelöscht: 6a277479-d61b-4f3b-b741-c6fb446b610d
[2026-02-06T11:07:31.186Z] ✅ Twilio WhatsApp AKTIV
[2026-02-06T11:35:59.912Z] ✅ Twilio WhatsApp AKTIV
[2026-02-06T11:43:46.249Z] ✅ Twilio WhatsApp AKTIV
[2026-02-06T13:47:52.010Z] ✅ Twilio WhatsApp AKTIV
[2026-02-06T13:58:15.016Z] ✅ Twilio WhatsApp AKTIV
[2026-02-07T09:27:53.288Z] ✅ Twilio WhatsApp AKTIV
[2026-02-07T09:54:51.500Z] ✅ Twilio WhatsApp AKTIV
[2026-02-07T10:12:29.304Z] ✅ Twilio WhatsApp AKTIV
[2026-02-07T10:47:53.998Z] ✅ Twilio WhatsApp AKTIV
[2026-02-07T13:30:38.798Z] ✅ Twilio WhatsApp AKTIV
[2026-02-08T12:07:10.766Z] ✅ Twilio WhatsApp AKTIV
[2026-02-08T12:16:12.965Z] ✅ Twilio WhatsApp AKTIV
[2026-02-08T13:10:33.526Z] ✅ Twilio WhatsApp AKTIV
[2026-02-08T14:50:03.366Z] ✅ Twilio WhatsApp AKTIV
[2026-02-11T08:40:59.038Z] ✅ Twilio WhatsApp AKTIV
[2026-02-11T12:05:58.996Z] ✅ Twilio WhatsApp AKTIV
[2026-02-11T12:18:50.482Z] ✅ Twilio WhatsApp AKTIV
[2026-02-11T12:25:12.228Z] ✅ Twilio WhatsApp AKTIV
[2026-02-11T17:46:23.865Z] ✅ Twilio WhatsApp AKTIV
[2026-02-11T18:00:55.816Z] ✅ Twilio WhatsApp AKTIV
[2026-02-11T18:09:07.731Z] ✅ Twilio WhatsApp AKTIV
[2026-02-11T19:17:37.806Z] ✅ Twilio WhatsApp AKTIV
[2026-02-12T07:38:57.120Z] ✅ Twilio WhatsApp AKTIV
[2026-02-12T09:31:48.169Z] ✅ Twilio WhatsApp AKTIV
[2026-02-12T11:06:28.785Z] ✅ Twilio WhatsApp AKTIV
[2026-02-12T11:07:20.734Z] ✅ Twilio WhatsApp AKTIV
[2026-02-12T11:32:25.230Z] ✅ Twilio WhatsApp AKTIV
[2026-02-12T11:36:58.852Z] ✅ Twilio WhatsApp AKTIV
[2026-02-12T11:41:24.936Z] 🆕 Admin-Termin angelegt: anna (Gesicht)
[2026-02-12T11:41:27.000Z] 📤 Mail gesendet an mmazur871@gmail.com: <b1996870-224c-f91a-b669-598c22354248@gmail.com>
[2026-02-12T12:19:20.106Z] ✅ Twilio WhatsApp AKTIV
[2026-02-12T12:20:45.089Z] ✅ Twilio WhatsApp AKTIV
[2026-02-12T12:38:17.587Z] ✅ Twilio WhatsApp AKTIV
[2026-02-13T13:34:21.151Z] 🆕 Admin-Termin angelegt: Maria (Wimpern)
[2026-02-13T13:34:22.817Z] 📤 Mail gesendet an mmazur871@gmail.com: <8b3bca84-1eb9-dd82-5451-a22ba38bdbd4@gmail.com>
[2026-02-13T13:34:28.774Z] 🗑️ Termin gelöscht: ba59636c-4e83-4399-b320-42bb186fba96
[2026-02-13T13:35:32.115Z] 📲 WhatsApp gesendet an whatsapp:+491777875051: SM4637ce859aec7f4daf49d28357fbd7e9
[2026-02-13T13:35:32.123Z] 📆 WhatsApp Reminder 24h geplant (2026-02-15T12:45:00.000Z)
[2026-02-13T13:35:32.124Z] 📆 WhatsApp Reminder 2h geplant (2026-02-16T10:45:00.000Z)
[2026-02-13T13:35:33.953Z] 📤 Mail gesendet an mmazur871@gmail.com: <ff0cb69f-e159-f77d-2d18-b5ee1af04a46@gmail.com>
[2026-02-13T13:36:37.540Z] 🗑️ Termin gelöscht: 5d332a75-2e89-4839-b024-91d25d3d84f5
[2026-02-13T13:36:38.996Z] 🗑️ Termin gelöscht: 108603a5-8c05-4346-97dc-432e4d5292b6
[2026-02-13T13:36:40.494Z] 🗑️ Termin gelöscht: 8e551fb6-4f14-4d90-b6b0-5456296f75fa
[2026-02-13T13:36:42.282Z] 🗑️ Termin gelöscht: 1a11457b-8a39-41b9-b6d4-a8f4a5479b1e
[2026-02-13T13:36:43.821Z] 🗑️ Termin gelöscht: d954a668-83a9-45d9-80c4-eaa0e4d09d41
[2026-02-13T13:36:45.396Z] 🗑️ Termin gelöscht: 382f49f9-69cb-48f9-8e3c-5e4f38138382
[2026-02-13T13:36:47.130Z] 🗑️ Termin gelöscht: 9494bc00-5ba3-4aeb-bd82-f259fb403b4a
[2026-02-13T13:36:49.980Z] 🗑️ Termin gelöscht: 4daaae6d-05c1-4a21-be58-db32626b2652
[2026-02-13T13:36:52.036Z] 🗑️ Termin gelöscht: 3ff03bdf-5762-4e84-9dd0-2634c5138702
[2026-02-14T14:20:20.724Z] ✅ Twilio WhatsApp AKTIV
[2026-02-14T14:38:19.510Z] ✅ Twilio WhatsApp AKTIV
[2026-02-14T14:43:22.553Z] ✅ Twilio WhatsApp AKTIV
[2026-02-14T14:47:56.420Z] ✅ Twilio WhatsApp AKTIV
[2026-02-14T15:01:01.370Z] ✅ Twilio WhatsApp AKTIV
[2026-02-14T15:17:12.633Z] ✅ Twilio WhatsApp AKTIV
[2026-02-14T15:52:22.535Z] ✅ Twilio WhatsApp AKTIV
[2026-02-14T16:01:10.210Z] ✅ Twilio WhatsApp AKTIV
[2026-02-14T16:07:24.247Z] ✅ Twilio WhatsApp AKTIV
[2026-02-14T16:09:19.465Z] ✅ Twilio WhatsApp AKTIV
[2026-02-14T16:18:42.883Z] ✅ Twilio WhatsApp AKTIV
[2026-02-15T13:29:42.133Z] ✅ Twilio WhatsApp AKTIV
[2026-02-15T14:18:46.768Z] ✅ Twilio WhatsApp AKTIV
[2026-02-15T19:36:05.055Z] ✅ Twilio WhatsApp AKTIV
[2026-02-15T20:39:42.320Z] ✅ Twilio WhatsApp AKTIV
[2026-02-15T20:46:53.408Z] ✅ Twilio WhatsApp AKTIV
[2026-02-15T21:21:37.652Z] ✅ Twilio WhatsApp AKTIV
[2026-02-15T21:42:51.407Z] ✅ Twilio WhatsApp AKTIV
[2026-02-15T21:46:31.186Z] 🗑️ Termin gelöscht: 174f47f0-bb22-44ab-8aab-1cd71eb2371f
[2026-02-15T21:46:33.313Z] 🗑️ Termin gelöscht: e2f3721e-852f-46c4-a436-c89b6e3ba716
[2026-02-15T21:46:35.250Z] 🗑️ Termin gelöscht: b2673cce-da3e-480a-9ffd-17d638b5c6da
[2026-02-15T21:48:09.106Z] ✅ Twilio WhatsApp AKTIV
[2026-02-15T22:25:59.018Z] 🗑️ Termin gelöscht: 10bd7a9f-b302-4056-a5ae-f9c2651d0d52
[2026-02-15T22:26:00.571Z] 🗑️ Termin gelöscht: 73678916-25d9-4294-bbcd-8de99d306f08
[2026-02-15T22:26:02.140Z] 🗑️ Termin gelöscht: 6590e74c-b2e0-4597-9bb9-89cf62fc2fd2
[2026-02-15T22:26:03.759Z] 🗑️ Termin gelöscht: 8578d4f6-32ce-44e3-a245-e51ca4abf211
[2026-02-15T22:26:05.243Z] 🗑️ Termin gelöscht: bc62b11d-8d28-4bae-9cca-755e04f80db4
[2026-02-15T22:26:06.675Z] 🗑️ Termin gelöscht: 9fcb99ee-f52c-488e-b35e-c9b54edb8608
[2026-02-15T22:26:08.553Z] 🗑️ Termin gelöscht: 7a3fe37e-9957-4568-9b0b-6d6d5613fd79
[2026-02-16T13:17:23.752Z] ✅ Twilio WhatsApp AKTIV
[2026-02-16T13:27:11.510Z] ✅ Twilio WhatsApp AKTIV
[2026-02-16T13:29:04.316Z] ✅ Twilio WhatsApp AKTIV
[2026-02-16T13:35:27.131Z] ✅ Twilio WhatsApp AKTIV
[2026-02-16T13:37:40.134Z] ✅ Twilio WhatsApp AKTIV
[2026-02-16T13:40:11.696Z] ✅ Twilio WhatsApp AKTIV
[2026-02-16T13:50:50.645Z] ✅ Twilio WhatsApp AKTIV
[2026-02-16T14:19:19.788Z] ✅ Twilio WhatsApp AKTIV
[2026-02-16T14:25:40.337Z] ✅ Twilio WhatsApp AKTIV
[2026-02-16T14:37:21.606Z] ✅ Twilio WhatsApp AKTIV
[2026-02-16T15:17:34.161Z] ✅ Twilio WhatsApp AKTIV
[2026-02-17T09:08:59.557Z] ✅ Twilio WhatsApp AKTIV
[2026-02-17T11:03:47.257Z] ✅ Twilio WhatsApp AKTIV
[2026-02-17T11:55:09.609Z] ✅ Twilio WhatsApp AKTIV
[2026-02-17T12:10:31.338Z] ✅ Twilio WhatsApp AKTIV
[2026-02-17T12:13:39.084Z] ✅ Twilio WhatsApp AKTIV
[2026-02-17T12:18:40.002Z] ✅ Twilio WhatsApp AKTIV
[2026-02-17T12:27:39.083Z] ✅ Twilio WhatsApp AKTIV
[2026-02-17T13:12:55.168Z] ✅ Twilio WhatsApp AKTIV
[2026-02-17T14:12:51.174Z] ✅ Twilio WhatsApp AKTIV
[2026-02-17T18:01:16.504Z] ✅ Twilio WhatsApp AKTIV
[2026-02-18T12:26:21.054Z] 🗑️ Termin gelöscht: d460555d-12ab-4b3a-a7d3-f01625fd3fb6
[2026-02-18T12:26:22.797Z] 🗑️ Termin gelöscht: 0a9b690a-be8b-4070-a21f-77dda54f4551
[2026-02-18T12:26:24.823Z] 🗑️ Termin gelöscht: 7a586d1b-3890-4f07-9cb8-0e7d387d73b7
[2026-02-18T12:31:50.480Z] ✅ Twilio WhatsApp AKTIV
[2026-02-18T12:37:39.428Z] ✅ Twilio WhatsApp AKTIV
[2026-02-18T12:50:15.689Z] ✅ Twilio WhatsApp AKTIV
[2026-02-19T09:31:48.940Z] ✅ Twilio WhatsApp AKTIV
[2026-02-19T09:43:44.588Z] ✅ Twilio WhatsApp AKTIV
[2026-02-19T09:53:13.428Z] ✅ Twilio WhatsApp AKTIV
[2026-02-19T10:00:44.890Z] ✅ Twilio WhatsApp AKTIV
[2026-02-21T11:01:38.174Z] ✅ Twilio WhatsApp AKTIV
[2026-02-21T11:06:43.498Z] ✅ Twilio WhatsApp AKTIV
[2026-02-21T11:53:05.886Z] ✅ Twilio WhatsApp AKTIV
[2026-02-21T12:16:21.819Z] ✅ Twilio WhatsApp AKTIV
[2026-02-21T12:45:31.541Z] ✅ Twilio WhatsApp AKTIV
[2026-02-23T14:57:11.943Z] ✅ Twilio WhatsApp AKTIV
[2026-02-23T16:20:21.022Z] ✅ Twilio WhatsApp AKTIV
[2026-02-23T16:58:49.496Z] ✅ Twilio WhatsApp AKTIV
[2026-02-23T17:10:21.636Z] ✅ Twilio WhatsApp AKTIV
[2026-02-23T17:29:46.620Z] ✅ Twilio WhatsApp AKTIV
[2026-02-23T19:20:57.329Z] ✅ Twilio WhatsApp AKTIV
[2026-02-23T19:33:11.829Z] ✅ Twilio WhatsApp AKTIV
[2026-02-23T19:38:08.433Z] ✅ Twilio WhatsApp AKTIV
[2026-02-23T19:44:02.996Z] ✅ Twilio WhatsApp AKTIV
[2026-02-24T16:53:29.743Z] ✅ Twilio WhatsApp AKTIV
[2026-02-24T17:04:07.662Z] ✅ Twilio WhatsApp AKTIV
[2026-02-24T17:20:46.390Z] ✅ Twilio WhatsApp AKTIV
[2026-02-24T17:31:35.244Z] ✅ Twilio WhatsApp AKTIV
[2026-02-25T17:14:04.332Z] ✅ Twilio WhatsApp AKTIV
[2026-02-28T10:42:56.960Z] ✅ Twilio WhatsApp AKTIV
[2026-02-28T10:50:43.253Z] ✅ Twilio WhatsApp AKTIV
[2026-02-28T10:57:57.719Z] ✅ Twilio WhatsApp AKTIV
[2026-02-28T11:13:28.534Z] ✅ Twilio WhatsApp AKTIV
[2026-02-28T11:27:14.949Z] ✅ Twilio WhatsApp AKTIV
[2026-02-28T11:36:37.144Z] ✅ Twilio WhatsApp AKTIV
[2026-02-28T11:39:55.800Z] ✅ Twilio WhatsApp AKTIV
[2026-02-28T11:45:47.686Z] ✅ Twilio WhatsApp AKTIV
[2026-02-28T11:49:27.214Z] ✅ Twilio WhatsApp AKTIV
[2026-02-28T11:54:03.728Z] ✅ Twilio WhatsApp AKTIV
[2026-02-28T12:16:03.471Z] ✅ Twilio WhatsApp AKTIV
[2026-02-28T12:34:42.780Z] ✅ Twilio WhatsApp AKTIV
[2026-03-02T08:32:19.239Z] ✅ Twilio WhatsApp AKTIV
[2026-03-02T10:02:47.462Z] ✅ Twilio WhatsApp AKTIV
[2026-03-02T10:13:18.493Z] ✅ Twilio WhatsApp AKTIV
[2026-03-02T10:17:25.753Z] ✅ Twilio WhatsApp AKTIV
[2026-03-02T10:33:41.238Z] ✅ Twilio WhatsApp AKTIV
[2026-03-02T10:52:47.273Z] ✅ Twilio WhatsApp AKTIV
[2026-03-03T09:33:29.564Z] ✅ Twilio WhatsApp AKTIV
[2026-03-03T10:03:09.434Z] ✅ Twilio WhatsApp AKTIV
[2026-03-04T09:15:38.545Z] ✅ Twilio WhatsApp AKTIV
[2026-03-04T09:39:23.833Z] 📲 WhatsApp gesendet an whatsapp:+491777875051: SM74b87d418d084d110cc5166ece237ecf
[2026-03-04T09:39:23.839Z] 📆 WhatsApp Reminder 24h geplant (2026-03-18T14:15:00.000Z)
[2026-03-04T09:39:23.840Z] 📆 WhatsApp Reminder 2h geplant (2026-03-19T12:15:00.000Z)
[2026-03-04T09:39:26.216Z] 📤 Mail gesendet an mmazur871@gmail.com: <738d7a03-2ce3-1b64-5faa-b0d52354b147@gmail.com>
[2026-03-04T10:56:23.371Z] ✅ Twilio WhatsApp AKTIV
[2026-03-04T11:07:20.865Z] ✅ Twilio WhatsApp AKTIV
[2026-03-04T11:12:02.707Z] ✅ Twilio WhatsApp AKTIV
[2026-03-05T07:42:25.817Z] ✅ Twilio WhatsApp AKTIV
[2026-03-05T08:13:51.850Z] ✅ Twilio WhatsApp AKTIV
[2026-03-05T08:31:02.819Z] ✅ Twilio WhatsApp AKTIV
[2026-03-05T08:52:54.947Z] ✅ Twilio WhatsApp AKTIV
[2026-03-05T11:28:47.077Z] ✅ Twilio WhatsApp AKTIV
[2026-03-05T11:43:40.670Z] ✅ Twilio WhatsApp AKTIV
[2026-03-05T12:10:01.570Z] ✅ Twilio WhatsApp AKTIV
[2026-03-05T12:24:14.505Z] ✅ Twilio WhatsApp AKTIV
[2026-03-05T12:25:53.623Z] ✅ Twilio WhatsApp AKTIV
[2026-03-05T12:35:10.581Z] ✅ Twilio WhatsApp AKTIV
[2026-03-05T12:55:51.212Z] ℹ️ Twilio WhatsApp DEAKTIVIERT
[2026-03-05T13:09:39.956Z] ℹ️ Twilio WhatsApp DEAKTIVIERT
[2026-03-05T13:12:00.801Z] ℹ️ Twilio WhatsApp DEAKTIVIERT
[2026-03-05T13:17:58.346Z] ℹ️ Twilio WhatsApp DEAKTIVIERT
[2026-03-05T13:24:20.925Z] ℹ️ Twilio WhatsApp DEAKTIVIERT
[2026-03-05T13:33:18.197Z] ℹ️ Twilio WhatsApp DEAKTIVIERT
[2026-03-05T13:38:49.209Z] ℹ️ Twilio WhatsApp DEAKTIVIERT
